2024-02-26 05:16:07,106 - INFO - BEGIN (implicit)
2024-02-26 05:16:07,108 - INFO - PRAGMA main.table_info("users")
2024-02-26 05:16:07,109 - INFO - [raw sql] ()
2024-02-26 05:16:07,116 - INFO - PRAGMA main.table_info("films")
2024-02-26 05:16:07,116 - INFO - [raw sql] ()
2024-02-26 05:16:07,120 - INFO - PRAGMA main.table_info("user_film_table")
2024-02-26 05:16:07,121 - INFO - [raw sql] ()
2024-02-26 05:16:07,127 - INFO - PRAGMA main.table_info("user_company_table")
2024-02-26 05:16:07,128 - INFO - [raw sql] ()
2024-02-26 05:16:07,132 - INFO - PRAGMA main.table_info("companies")
2024-02-26 05:16:07,133 - INFO - [raw sql] ()
2024-02-26 05:16:07,137 - INFO - COMMIT
2024-02-26 05:17:32,331 - INFO - BEGIN (implicit)
2024-02-26 05:17:32,332 - INFO - PRAGMA main.table_info("users")
2024-02-26 05:17:32,333 - INFO - [raw sql] ()
2024-02-26 05:17:32,342 - INFO - PRAGMA main.table_info("films")
2024-02-26 05:17:32,342 - INFO - [raw sql] ()
2024-02-26 05:17:32,347 - INFO - PRAGMA main.table_info("user_film_table")
2024-02-26 05:17:32,348 - INFO - [raw sql] ()
2024-02-26 05:17:32,352 - INFO - PRAGMA main.table_info("user_company_table")
2024-02-26 05:17:32,353 - INFO - [raw sql] ()
2024-02-26 05:17:32,357 - INFO - PRAGMA main.table_info("companies")
2024-02-26 05:17:32,358 - INFO - [raw sql] ()
2024-02-26 05:17:32,363 - INFO - COMMIT
2024-02-26 05:20:25,897 - INFO - BEGIN (implicit)
2024-02-26 05:20:25,898 - INFO - PRAGMA main.table_info("users")
2024-02-26 05:20:25,899 - INFO - [raw sql] ()
2024-02-26 05:20:25,906 - INFO - PRAGMA main.table_info("films")
2024-02-26 05:20:25,907 - INFO - [raw sql] ()
2024-02-26 05:20:25,911 - INFO - PRAGMA main.table_info("user_film_table")
2024-02-26 05:20:25,911 - INFO - [raw sql] ()
2024-02-26 05:20:25,915 - INFO - PRAGMA main.table_info("user_company_table")
2024-02-26 05:20:25,916 - INFO - [raw sql] ()
2024-02-26 05:20:25,919 - INFO - PRAGMA main.table_info("companies")
2024-02-26 05:20:25,920 - INFO - [raw sql] ()
2024-02-26 05:20:25,924 - INFO - COMMIT
2024-02-26 05:46:26,591 - INFO - BEGIN (implicit)
2024-02-26 05:46:26,592 - INFO - PRAGMA main.table_info("users")
2024-02-26 05:46:26,592 - INFO - [raw sql] ()
2024-02-26 05:46:26,599 - INFO - PRAGMA main.table_info("films")
2024-02-26 05:46:26,599 - INFO - [raw sql] ()
2024-02-26 05:46:26,603 - INFO - PRAGMA main.table_info("user_film_table")
2024-02-26 05:46:26,603 - INFO - [raw sql] ()
2024-02-26 05:46:26,607 - INFO - PRAGMA main.table_info("user_company_table")
2024-02-26 05:46:26,607 - INFO - [raw sql] ()
2024-02-26 05:46:26,611 - INFO - PRAGMA main.table_info("companies")
2024-02-26 05:46:26,612 - INFO - [raw sql] ()
2024-02-26 05:46:26,615 - INFO - COMMIT
2024-02-26 05:56:05,599 - INFO - select pg_catalog.version()
2024-02-26 05:56:05,602 - INFO - [raw sql] {}
2024-02-26 05:56:06,290 - INFO - select current_schema()
2024-02-26 05:56:06,292 - INFO - [raw sql] {}
2024-02-26 05:56:06,906 - INFO - show standard_conforming_strings
2024-02-26 05:56:06,907 - INFO - [raw sql] {}
2024-02-26 05:56:07,451 - INFO - BEGIN (implicit)
2024-02-26 05:56:07,456 - INFO - SELECT pg_catalog.pg_class.relname 
FROM pg_catalog.pg_class JOIN pg_catalog.pg_namespace ON pg_catalog.pg_namespace.oid = pg_catalog.pg_class.relnamespace 
WHERE pg_catalog.pg_class.relname = %(table_name)s AND pg_catalog.pg_class.relkind = ANY (ARRAY[%(param_1)s, %(param_2)s, %(param_3)s, %(param_4)s, %(param_5)s]) AND pg_catalog.pg_table_is_visible(pg_catalog.pg_class.oid) AND pg_catalog.pg_namespace.nspname != %(nspname_1)s
2024-02-26 05:56:07,456 - INFO - [generated in 0.00073s] {'table_name': 'users', 'param_1': 'r', 'param_2': 'p', 'param_3': 'f', 'param_4': 'v', 'param_5': 'm', 'nspname_1': 'pg_catalog'}
2024-02-26 05:56:07,982 - INFO - SELECT pg_catalog.pg_class.relname 
FROM pg_catalog.pg_class JOIN pg_catalog.pg_namespace ON pg_catalog.pg_namespace.oid = pg_catalog.pg_class.relnamespace 
WHERE pg_catalog.pg_class.relname = %(table_name)s AND pg_catalog.pg_class.relkind = ANY (ARRAY[%(param_1)s, %(param_2)s, %(param_3)s, %(param_4)s, %(param_5)s]) AND pg_catalog.pg_table_is_visible(pg_catalog.pg_class.oid) AND pg_catalog.pg_namespace.nspname != %(nspname_1)s
2024-02-26 05:56:07,984 - INFO - [cached since 0.5285s ago] {'table_name': 'films', 'param_1': 'r', 'param_2': 'p', 'param_3': 'f', 'param_4': 'v', 'param_5': 'm', 'nspname_1': 'pg_catalog'}
2024-02-26 05:56:08,256 - INFO - SELECT pg_catalog.pg_class.relname 
FROM pg_catalog.pg_class JOIN pg_catalog.pg_namespace ON pg_catalog.pg_namespace.oid = pg_catalog.pg_class.relnamespace 
WHERE pg_catalog.pg_class.relname = %(table_name)s AND pg_catalog.pg_class.relkind = ANY (ARRAY[%(param_1)s, %(param_2)s, %(param_3)s, %(param_4)s, %(param_5)s]) AND pg_catalog.pg_table_is_visible(pg_catalog.pg_class.oid) AND pg_catalog.pg_namespace.nspname != %(nspname_1)s
2024-02-26 05:56:08,257 - INFO - [cached since 0.8012s ago] {'table_name': 'user_film_table', 'param_1': 'r', 'param_2': 'p', 'param_3': 'f', 'param_4': 'v', 'param_5': 'm', 'nspname_1': 'pg_catalog'}
2024-02-26 05:56:08,524 - INFO - SELECT pg_catalog.pg_class.relname 
FROM pg_catalog.pg_class JOIN pg_catalog.pg_namespace ON pg_catalog.pg_namespace.oid = pg_catalog.pg_class.relnamespace 
WHERE pg_catalog.pg_class.relname = %(table_name)s AND pg_catalog.pg_class.relkind = ANY (ARRAY[%(param_1)s, %(param_2)s, %(param_3)s, %(param_4)s, %(param_5)s]) AND pg_catalog.pg_table_is_visible(pg_catalog.pg_class.oid) AND pg_catalog.pg_namespace.nspname != %(nspname_1)s
2024-02-26 05:56:08,527 - INFO - [cached since 1.071s ago] {'table_name': 'user_company_table', 'param_1': 'r', 'param_2': 'p', 'param_3': 'f', 'param_4': 'v', 'param_5': 'm', 'nspname_1': 'pg_catalog'}
2024-02-26 05:56:08,895 - INFO - SELECT pg_catalog.pg_class.relname 
FROM pg_catalog.pg_class JOIN pg_catalog.pg_namespace ON pg_catalog.pg_namespace.oid = pg_catalog.pg_class.relnamespace 
WHERE pg_catalog.pg_class.relname = %(table_name)s AND pg_catalog.pg_class.relkind = ANY (ARRAY[%(param_1)s, %(param_2)s, %(param_3)s, %(param_4)s, %(param_5)s]) AND pg_catalog.pg_table_is_visible(pg_catalog.pg_class.oid) AND pg_catalog.pg_namespace.nspname != %(nspname_1)s
2024-02-26 05:56:08,896 - INFO - [cached since 1.441s ago] {'table_name': 'companies', 'param_1': 'r', 'param_2': 'p', 'param_3': 'f', 'param_4': 'v', 'param_5': 'm', 'nspname_1': 'pg_catalog'}
2024-02-26 05:56:09,199 - INFO - 
CREATE TABLE users (
	id SERIAL NOT NULL, 
	first_name VARCHAR NOT NULL, 
	last_name VARCHAR NOT NULL, 
	email VARCHAR NOT NULL, 
	minimum_fee INTEGER NOT NULL, 
	PRIMARY KEY (id), 
	UNIQUE (email)
)


2024-02-26 05:56:09,201 - INFO - [no key 0.00172s] {}
2024-02-26 05:56:09,589 - INFO - 
CREATE TABLE companies (
	id SERIAL NOT NULL, 
	name TEXT NOT NULL, 
	contact_email VARCHAR NOT NULL, 
	phone_number VARCHAR NOT NULL, 
	PRIMARY KEY (id), 
	UNIQUE (contact_email)
)


2024-02-26 05:56:09,592 - INFO - [no key 0.00206s] {}
2024-02-26 05:56:09,938 - INFO - 
CREATE TABLE films (
	id SERIAL NOT NULL, 
	title TEXT NOT NULL, 
	description TEXT NOT NULL, 
	budget INTEGER NOT NULL, 
	release_year INTEGER NOT NULL, 
	genres TEXT NOT NULL, 
	company_id INTEGER NOT NULL, 
	PRIMARY KEY (id), 
	UNIQUE (title), 
	FOREIGN KEY(company_id) REFERENCES companies (id) ON DELETE CASCADE
)


2024-02-26 05:56:09,940 - INFO - [no key 0.00244s] {}
2024-02-26 05:56:10,216 - INFO - 
CREATE TABLE user_company_table (
	id SERIAL NOT NULL, 
	user_id INTEGER NOT NULL, 
	company_id INTEGER NOT NULL, 
	role VARCHAR NOT NULL, 
	PRIMARY KEY (id), 
	FOREIGN KEY(user_id) REFERENCES users (id) ON DELETE CASCADE, 
	FOREIGN KEY(company_id) REFERENCES companies (id) ON DELETE CASCADE
)


2024-02-26 05:56:10,217 - INFO - [no key 0.00069s] {}
2024-02-26 05:56:10,483 - INFO - 
CREATE TABLE user_film_table (
	id SERIAL NOT NULL, 
	user_id INTEGER NOT NULL, 
	film_id INTEGER NOT NULL, 
	role VARCHAR NOT NULL, 
	PRIMARY KEY (id), 
	FOREIGN KEY(user_id) REFERENCES users (id) ON DELETE CASCADE, 
	FOREIGN KEY(film_id) REFERENCES films (id) ON DELETE CASCADE
)


2024-02-26 05:56:10,484 - INFO - [no key 0.00082s] {}
2024-02-26 05:56:10,743 - INFO - COMMIT
2024-02-26 06:03:34,871 - INFO - select pg_catalog.version()
2024-02-26 06:03:34,874 - INFO - [raw sql] {}
2024-02-26 06:03:35,388 - INFO - select current_schema()
2024-02-26 06:03:35,390 - INFO - [raw sql] {}
2024-02-26 06:03:35,991 - INFO - show standard_conforming_strings
2024-02-26 06:03:35,992 - INFO - [raw sql] {}
2024-02-26 06:03:36,516 - INFO - BEGIN (implicit)
2024-02-26 06:03:36,522 - INFO - SELECT pg_catalog.pg_class.relname 
FROM pg_catalog.pg_class JOIN pg_catalog.pg_namespace ON pg_catalog.pg_namespace.oid = pg_catalog.pg_class.relnamespace 
WHERE pg_catalog.pg_class.relname = %(table_name)s AND pg_catalog.pg_class.relkind = ANY (ARRAY[%(param_1)s, %(param_2)s, %(param_3)s, %(param_4)s, %(param_5)s]) AND pg_catalog.pg_table_is_visible(pg_catalog.pg_class.oid) AND pg_catalog.pg_namespace.nspname != %(nspname_1)s
2024-02-26 06:03:36,523 - INFO - [generated in 0.00115s] {'table_name': 'users', 'param_1': 'r', 'param_2': 'p', 'param_3': 'f', 'param_4': 'v', 'param_5': 'm', 'nspname_1': 'pg_catalog'}
2024-02-26 06:03:37,045 - INFO - SELECT pg_catalog.pg_class.relname 
FROM pg_catalog.pg_class JOIN pg_catalog.pg_namespace ON pg_catalog.pg_namespace.oid = pg_catalog.pg_class.relnamespace 
WHERE pg_catalog.pg_class.relname = %(table_name)s AND pg_catalog.pg_class.relkind = ANY (ARRAY[%(param_1)s, %(param_2)s, %(param_3)s, %(param_4)s, %(param_5)s]) AND pg_catalog.pg_table_is_visible(pg_catalog.pg_class.oid) AND pg_catalog.pg_namespace.nspname != %(nspname_1)s
2024-02-26 06:03:37,047 - INFO - [cached since 0.5252s ago] {'table_name': 'films', 'param_1': 'r', 'param_2': 'p', 'param_3': 'f', 'param_4': 'v', 'param_5': 'm', 'nspname_1': 'pg_catalog'}
2024-02-26 06:03:37,465 - INFO - SELECT pg_catalog.pg_class.relname 
FROM pg_catalog.pg_class JOIN pg_catalog.pg_namespace ON pg_catalog.pg_namespace.oid = pg_catalog.pg_class.relnamespace 
WHERE pg_catalog.pg_class.relname = %(table_name)s AND pg_catalog.pg_class.relkind = ANY (ARRAY[%(param_1)s, %(param_2)s, %(param_3)s, %(param_4)s, %(param_5)s]) AND pg_catalog.pg_table_is_visible(pg_catalog.pg_class.oid) AND pg_catalog.pg_namespace.nspname != %(nspname_1)s
2024-02-26 06:03:37,467 - INFO - [cached since 0.9453s ago] {'table_name': 'user_film_table', 'param_1': 'r', 'param_2': 'p', 'param_3': 'f', 'param_4': 'v', 'param_5': 'm', 'nspname_1': 'pg_catalog'}
2024-02-26 06:03:37,736 - INFO - SELECT pg_catalog.pg_class.relname 
FROM pg_catalog.pg_class JOIN pg_catalog.pg_namespace ON pg_catalog.pg_namespace.oid = pg_catalog.pg_class.relnamespace 
WHERE pg_catalog.pg_class.relname = %(table_name)s AND pg_catalog.pg_class.relkind = ANY (ARRAY[%(param_1)s, %(param_2)s, %(param_3)s, %(param_4)s, %(param_5)s]) AND pg_catalog.pg_table_is_visible(pg_catalog.pg_class.oid) AND pg_catalog.pg_namespace.nspname != %(nspname_1)s
2024-02-26 06:03:37,737 - INFO - [cached since 1.216s ago] {'table_name': 'user_company_table', 'param_1': 'r', 'param_2': 'p', 'param_3': 'f', 'param_4': 'v', 'param_5': 'm', 'nspname_1': 'pg_catalog'}
2024-02-26 06:03:37,993 - INFO - SELECT pg_catalog.pg_class.relname 
FROM pg_catalog.pg_class JOIN pg_catalog.pg_namespace ON pg_catalog.pg_namespace.oid = pg_catalog.pg_class.relnamespace 
WHERE pg_catalog.pg_class.relname = %(table_name)s AND pg_catalog.pg_class.relkind = ANY (ARRAY[%(param_1)s, %(param_2)s, %(param_3)s, %(param_4)s, %(param_5)s]) AND pg_catalog.pg_table_is_visible(pg_catalog.pg_class.oid) AND pg_catalog.pg_namespace.nspname != %(nspname_1)s
2024-02-26 06:03:37,995 - INFO - [cached since 1.473s ago] {'table_name': 'companies', 'param_1': 'r', 'param_2': 'p', 'param_3': 'f', 'param_4': 'v', 'param_5': 'm', 'nspname_1': 'pg_catalog'}
2024-02-26 06:03:38,340 - INFO - COMMIT
2024-02-26 06:04:15,197 - INFO - BEGIN (implicit)
2024-02-26 06:04:15,201 - INFO - INSERT INTO companies (name, contact_email, phone_number) VALUES (%(name)s, %(contact_email)s, %(phone_number)s) RETURNING companies.id
2024-02-26 06:04:15,201 - INFO - [generated in 0.00087s] {'name': 'company4', 'contact_email': 'cmp4@gmail.com', 'phone_number': '99817212'}
2024-02-26 06:04:15,740 - INFO - INSERT INTO users (first_name, last_name, email, minimum_fee) VALUES (%(first_name)s, %(last_name)s, %(email)s, %(minimum_fee)s) RETURNING users.id
2024-02-26 06:04:15,741 - INFO - [generated in 0.00089s] {'first_name': 'User4', 'last_name': 'bot', 'email': 'user4@gmail.com', 'minimum_fee': 1223}
2024-02-26 06:04:15,992 - INFO - COMMIT
2024-02-26 06:08:59,841 - INFO - BEGIN (implicit)
2024-02-26 06:08:59,844 - INFO - SELECT users.id AS users_id, users.first_name AS users_first_name, users.last_name AS users_last_name, users.email AS users_email, users.minimum_fee AS users_minimum_fee 
FROM users
2024-02-26 06:08:59,845 - INFO - [generated in 0.00086s] {}
2024-02-26 06:09:00,558 - INFO - ROLLBACK
2024-02-26 06:15:33,240 - INFO - select pg_catalog.version()
2024-02-26 06:15:33,243 - INFO - [raw sql] {}
2024-02-26 06:15:33,758 - INFO - select current_schema()
2024-02-26 06:15:33,759 - INFO - [raw sql] {}
2024-02-26 06:15:34,365 - INFO - show standard_conforming_strings
2024-02-26 06:15:34,366 - INFO - [raw sql] {}
2024-02-26 06:15:35,062 - INFO - BEGIN (implicit)
2024-02-26 06:15:35,072 - INFO - SELECT pg_catalog.pg_class.relname 
FROM pg_catalog.pg_class JOIN pg_catalog.pg_namespace ON pg_catalog.pg_namespace.oid = pg_catalog.pg_class.relnamespace 
WHERE pg_catalog.pg_class.relname = %(table_name)s AND pg_catalog.pg_class.relkind = ANY (ARRAY[%(param_1)s, %(param_2)s, %(param_3)s, %(param_4)s, %(param_5)s]) AND pg_catalog.pg_table_is_visible(pg_catalog.pg_class.oid) AND pg_catalog.pg_namespace.nspname != %(nspname_1)s
2024-02-26 06:15:35,072 - INFO - [generated in 0.00067s] {'table_name': 'users', 'param_1': 'r', 'param_2': 'p', 'param_3': 'f', 'param_4': 'v', 'param_5': 'm', 'nspname_1': 'pg_catalog'}
2024-02-26 06:15:35,753 - INFO - SELECT pg_catalog.pg_class.relname 
FROM pg_catalog.pg_class JOIN pg_catalog.pg_namespace ON pg_catalog.pg_namespace.oid = pg_catalog.pg_class.relnamespace 
WHERE pg_catalog.pg_class.relname = %(table_name)s AND pg_catalog.pg_class.relkind = ANY (ARRAY[%(param_1)s, %(param_2)s, %(param_3)s, %(param_4)s, %(param_5)s]) AND pg_catalog.pg_table_is_visible(pg_catalog.pg_class.oid) AND pg_catalog.pg_namespace.nspname != %(nspname_1)s
2024-02-26 06:15:35,754 - INFO - [cached since 0.6827s ago] {'table_name': 'films', 'param_1': 'r', 'param_2': 'p', 'param_3': 'f', 'param_4': 'v', 'param_5': 'm', 'nspname_1': 'pg_catalog'}
2024-02-26 06:15:36,100 - INFO - SELECT pg_catalog.pg_class.relname 
FROM pg_catalog.pg_class JOIN pg_catalog.pg_namespace ON pg_catalog.pg_namespace.oid = pg_catalog.pg_class.relnamespace 
WHERE pg_catalog.pg_class.relname = %(table_name)s AND pg_catalog.pg_class.relkind = ANY (ARRAY[%(param_1)s, %(param_2)s, %(param_3)s, %(param_4)s, %(param_5)s]) AND pg_catalog.pg_table_is_visible(pg_catalog.pg_class.oid) AND pg_catalog.pg_namespace.nspname != %(nspname_1)s
2024-02-26 06:15:36,101 - INFO - [cached since 1.03s ago] {'table_name': 'user_film_table', 'param_1': 'r', 'param_2': 'p', 'param_3': 'f', 'param_4': 'v', 'param_5': 'm', 'nspname_1': 'pg_catalog'}
2024-02-26 06:15:36,445 - INFO - SELECT pg_catalog.pg_class.relname 
FROM pg_catalog.pg_class JOIN pg_catalog.pg_namespace ON pg_catalog.pg_namespace.oid = pg_catalog.pg_class.relnamespace 
WHERE pg_catalog.pg_class.relname = %(table_name)s AND pg_catalog.pg_class.relkind = ANY (ARRAY[%(param_1)s, %(param_2)s, %(param_3)s, %(param_4)s, %(param_5)s]) AND pg_catalog.pg_table_is_visible(pg_catalog.pg_class.oid) AND pg_catalog.pg_namespace.nspname != %(nspname_1)s
2024-02-26 06:15:36,446 - INFO - [cached since 1.375s ago] {'table_name': 'user_company_table', 'param_1': 'r', 'param_2': 'p', 'param_3': 'f', 'param_4': 'v', 'param_5': 'm', 'nspname_1': 'pg_catalog'}
2024-02-26 06:15:36,726 - INFO - SELECT pg_catalog.pg_class.relname 
FROM pg_catalog.pg_class JOIN pg_catalog.pg_namespace ON pg_catalog.pg_namespace.oid = pg_catalog.pg_class.relnamespace 
WHERE pg_catalog.pg_class.relname = %(table_name)s AND pg_catalog.pg_class.relkind = ANY (ARRAY[%(param_1)s, %(param_2)s, %(param_3)s, %(param_4)s, %(param_5)s]) AND pg_catalog.pg_table_is_visible(pg_catalog.pg_class.oid) AND pg_catalog.pg_namespace.nspname != %(nspname_1)s
2024-02-26 06:15:36,727 - INFO - [cached since 1.655s ago] {'table_name': 'companies', 'param_1': 'r', 'param_2': 'p', 'param_3': 'f', 'param_4': 'v', 'param_5': 'm', 'nspname_1': 'pg_catalog'}
2024-02-26 06:15:37,141 - INFO - COMMIT
2024-02-26 06:15:54,173 - INFO - BEGIN (implicit)
2024-02-26 06:15:54,176 - INFO - INSERT INTO users (first_name, last_name, email, minimum_fee) VALUES (%(first_name)s, %(last_name)s, %(email)s, %(minimum_fee)s) RETURNING users.id
2024-02-26 06:15:54,176 - INFO - [generated in 0.00071s] {'first_name': 'User1', 'last_name': 'bot2', 'email': 'user1@gmail.com', 'minimum_fee': 28909}
2024-02-26 06:15:54,820 - INFO - COMMIT
2024-02-26 06:17:04,930 - INFO - BEGIN (implicit)
2024-02-26 06:17:04,931 - INFO - SELECT users.id AS users_id, users.first_name AS users_first_name, users.last_name AS users_last_name, users.email AS users_email, users.minimum_fee AS users_minimum_fee 
FROM users
2024-02-26 06:17:04,932 - INFO - [generated in 0.00068s] {}
2024-02-26 06:17:05,541 - INFO - ROLLBACK
2024-02-26 06:20:11,266 - INFO - BEGIN (implicit)
2024-02-26 06:20:11,268 - INFO - SELECT films.id AS films_id, films.title AS films_title, films.description AS films_description, films.budget AS films_budget, films.release_year AS films_release_year, films.genres AS films_genres, films.company_id AS films_company_id 
FROM films
2024-02-26 06:20:11,269 - INFO - [generated in 0.00070s] {}
2024-02-26 06:20:12,055 - INFO - ROLLBACK
2024-02-26 06:20:45,145 - INFO - BEGIN (implicit)
2024-02-26 06:20:45,147 - INFO - SELECT companies.id AS companies_id, companies.name AS companies_name, companies.contact_email AS companies_contact_email, companies.phone_number AS companies_phone_number 
FROM companies
2024-02-26 06:20:45,147 - INFO - [generated in 0.00066s] {}
2024-02-26 06:20:45,847 - INFO - ROLLBACK
2024-02-26 06:22:09,716 - INFO - BEGIN (implicit)
2024-02-26 06:22:09,718 - INFO - INSERT INTO users (first_name, last_name, email, minimum_fee) VALUES (%(first_name)s, %(last_name)s, %(email)s, %(minimum_fee)s) RETURNING users.id
2024-02-26 06:22:09,719 - INFO - [cached since 375.5s ago] {'first_name': 'User10', 'last_name': 'bot10', 'email': 'user10@gmail.com', 'minimum_fee': 28909}
2024-02-26 06:22:10,368 - INFO - COMMIT
2024-02-26 06:22:22,371 - INFO - BEGIN (implicit)
2024-02-26 06:22:22,372 - INFO - INSERT INTO users (first_name, last_name, email, minimum_fee) VALUES (%(first_name)s, %(last_name)s, %(email)s, %(minimum_fee)s) RETURNING users.id
2024-02-26 06:22:22,372 - INFO - [cached since 388.2s ago] {'first_name': 'User11', 'last_name': 'bot11', 'email': 'user11@gmail.com', 'minimum_fee': 28909}
2024-02-26 06:22:22,921 - INFO - COMMIT
2024-02-26 06:22:35,082 - INFO - BEGIN (implicit)
2024-02-26 06:22:35,083 - INFO - INSERT INTO users (first_name, last_name, email, minimum_fee) VALUES (%(first_name)s, %(last_name)s, %(email)s, %(minimum_fee)s) RETURNING users.id
2024-02-26 06:22:35,084 - INFO - [cached since 400.9s ago] {'first_name': 'User13', 'last_name': 'bot13', 'email': 'user13@gmail.com', 'minimum_fee': 28909}
2024-02-26 06:22:35,674 - INFO - COMMIT
2024-02-26 06:22:46,256 - INFO - BEGIN (implicit)
2024-02-26 06:22:46,257 - INFO - INSERT INTO users (first_name, last_name, email, minimum_fee) VALUES (%(first_name)s, %(last_name)s, %(email)s, %(minimum_fee)s) RETURNING users.id
2024-02-26 06:22:46,257 - INFO - [cached since 412.1s ago] {'first_name': 'User14', 'last_name': 'bot14', 'email': 'user14@gmail.com', 'minimum_fee': 28909}
2024-02-26 06:22:46,833 - INFO - COMMIT
2024-02-26 06:22:59,358 - INFO - BEGIN (implicit)
2024-02-26 06:22:59,359 - INFO - INSERT INTO users (first_name, last_name, email, minimum_fee) VALUES (%(first_name)s, %(last_name)s, %(email)s, %(minimum_fee)s) RETURNING users.id
2024-02-26 06:22:59,360 - INFO - [cached since 425.2s ago] {'first_name': 'User15', 'last_name': 'bot15', 'email': 'user15@gmail.com', 'minimum_fee': 28909}
2024-02-26 06:23:00,019 - INFO - COMMIT
2024-02-26 06:24:16,156 - INFO - BEGIN (implicit)
2024-02-26 06:24:16,158 - INFO - INSERT INTO companies (name, contact_email, phone_number) VALUES (%(name)s, %(contact_email)s, %(phone_number)s) RETURNING companies.id
2024-02-26 06:24:16,159 - INFO - [generated in 0.00062s] {'name': 'company10', 'contact_email': 'cmp10@gmail.com', 'phone_number': '98127162134'}
2024-02-26 06:24:16,799 - INFO - COMMIT
2024-02-26 06:24:36,302 - INFO - BEGIN (implicit)
2024-02-26 06:24:36,303 - INFO - INSERT INTO companies (name, contact_email, phone_number) VALUES (%(name)s, %(contact_email)s, %(phone_number)s) RETURNING companies.id
2024-02-26 06:24:36,303 - INFO - [cached since 20.15s ago] {'name': 'company11', 'contact_email': 'cmp11@gmail.com', 'phone_number': '98127162134'}
2024-02-26 06:24:36,995 - INFO - COMMIT
2024-02-26 06:24:49,513 - INFO - BEGIN (implicit)
2024-02-26 06:24:49,514 - INFO - INSERT INTO companies (name, contact_email, phone_number) VALUES (%(name)s, %(contact_email)s, %(phone_number)s) RETURNING companies.id
2024-02-26 06:24:49,515 - INFO - [cached since 33.36s ago] {'name': 'company13', 'contact_email': 'cmp13@gmail.com', 'phone_number': '98127162134'}
2024-02-26 06:24:50,188 - INFO - COMMIT
2024-02-26 06:25:30,548 - INFO - BEGIN (implicit)
2024-02-26 06:25:30,549 - INFO - SELECT companies.id AS companies_id, companies.name AS companies_name, companies.contact_email AS companies_contact_email, companies.phone_number AS companies_phone_number 
FROM companies
2024-02-26 06:25:30,549 - INFO - [cached since 285.4s ago] {}
2024-02-26 06:25:31,330 - INFO - ROLLBACK
2024-02-26 06:27:15,768 - INFO - select pg_catalog.version()
2024-02-26 06:27:15,769 - INFO - [raw sql] {}
2024-02-26 06:27:16,298 - INFO - select current_schema()
2024-02-26 06:27:16,301 - INFO - [raw sql] {}
2024-02-26 06:27:16,887 - INFO - show standard_conforming_strings
2024-02-26 06:27:16,888 - INFO - [raw sql] {}
2024-02-26 06:27:17,496 - INFO - BEGIN (implicit)
2024-02-26 06:27:17,502 - INFO - SELECT pg_catalog.pg_class.relname 
FROM pg_catalog.pg_class JOIN pg_catalog.pg_namespace ON pg_catalog.pg_namespace.oid = pg_catalog.pg_class.relnamespace 
WHERE pg_catalog.pg_class.relname = %(table_name)s AND pg_catalog.pg_class.relkind = ANY (ARRAY[%(param_1)s, %(param_2)s, %(param_3)s, %(param_4)s, %(param_5)s]) AND pg_catalog.pg_table_is_visible(pg_catalog.pg_class.oid) AND pg_catalog.pg_namespace.nspname != %(nspname_1)s
2024-02-26 06:27:17,502 - INFO - [generated in 0.00070s] {'table_name': 'users', 'param_1': 'r', 'param_2': 'p', 'param_3': 'f', 'param_4': 'v', 'param_5': 'm', 'nspname_1': 'pg_catalog'}
2024-02-26 06:27:18,112 - INFO - SELECT pg_catalog.pg_class.relname 
FROM pg_catalog.pg_class JOIN pg_catalog.pg_namespace ON pg_catalog.pg_namespace.oid = pg_catalog.pg_class.relnamespace 
WHERE pg_catalog.pg_class.relname = %(table_name)s AND pg_catalog.pg_class.relkind = ANY (ARRAY[%(param_1)s, %(param_2)s, %(param_3)s, %(param_4)s, %(param_5)s]) AND pg_catalog.pg_table_is_visible(pg_catalog.pg_class.oid) AND pg_catalog.pg_namespace.nspname != %(nspname_1)s
2024-02-26 06:27:18,113 - INFO - [cached since 0.6118s ago] {'table_name': 'films', 'param_1': 'r', 'param_2': 'p', 'param_3': 'f', 'param_4': 'v', 'param_5': 'm', 'nspname_1': 'pg_catalog'}
2024-02-26 06:27:18,460 - INFO - SELECT pg_catalog.pg_class.relname 
FROM pg_catalog.pg_class JOIN pg_catalog.pg_namespace ON pg_catalog.pg_namespace.oid = pg_catalog.pg_class.relnamespace 
WHERE pg_catalog.pg_class.relname = %(table_name)s AND pg_catalog.pg_class.relkind = ANY (ARRAY[%(param_1)s, %(param_2)s, %(param_3)s, %(param_4)s, %(param_5)s]) AND pg_catalog.pg_table_is_visible(pg_catalog.pg_class.oid) AND pg_catalog.pg_namespace.nspname != %(nspname_1)s
2024-02-26 06:27:18,461 - INFO - [cached since 0.9589s ago] {'table_name': 'user_film_table', 'param_1': 'r', 'param_2': 'p', 'param_3': 'f', 'param_4': 'v', 'param_5': 'm', 'nspname_1': 'pg_catalog'}
2024-02-26 06:27:18,799 - INFO - SELECT pg_catalog.pg_class.relname 
FROM pg_catalog.pg_class JOIN pg_catalog.pg_namespace ON pg_catalog.pg_namespace.oid = pg_catalog.pg_class.relnamespace 
WHERE pg_catalog.pg_class.relname = %(table_name)s AND pg_catalog.pg_class.relkind = ANY (ARRAY[%(param_1)s, %(param_2)s, %(param_3)s, %(param_4)s, %(param_5)s]) AND pg_catalog.pg_table_is_visible(pg_catalog.pg_class.oid) AND pg_catalog.pg_namespace.nspname != %(nspname_1)s
2024-02-26 06:27:18,801 - INFO - [cached since 1.299s ago] {'table_name': 'user_company_table', 'param_1': 'r', 'param_2': 'p', 'param_3': 'f', 'param_4': 'v', 'param_5': 'm', 'nspname_1': 'pg_catalog'}
2024-02-26 06:27:19,074 - INFO - SELECT pg_catalog.pg_class.relname 
FROM pg_catalog.pg_class JOIN pg_catalog.pg_namespace ON pg_catalog.pg_namespace.oid = pg_catalog.pg_class.relnamespace 
WHERE pg_catalog.pg_class.relname = %(table_name)s AND pg_catalog.pg_class.relkind = ANY (ARRAY[%(param_1)s, %(param_2)s, %(param_3)s, %(param_4)s, %(param_5)s]) AND pg_catalog.pg_table_is_visible(pg_catalog.pg_class.oid) AND pg_catalog.pg_namespace.nspname != %(nspname_1)s
2024-02-26 06:27:19,076 - INFO - [cached since 1.575s ago] {'table_name': 'companies', 'param_1': 'r', 'param_2': 'p', 'param_3': 'f', 'param_4': 'v', 'param_5': 'm', 'nspname_1': 'pg_catalog'}
2024-02-26 06:27:19,494 - INFO - COMMIT
2024-02-26 06:27:37,172 - INFO - select pg_catalog.version()
2024-02-26 06:27:37,173 - INFO - [raw sql] {}
2024-02-26 06:27:37,862 - INFO - select current_schema()
2024-02-26 06:27:37,862 - INFO - [raw sql] {}
2024-02-26 06:27:38,563 - INFO - show standard_conforming_strings
2024-02-26 06:27:38,565 - INFO - [raw sql] {}
2024-02-26 06:27:39,084 - INFO - BEGIN (implicit)
2024-02-26 06:27:39,088 - INFO - SELECT pg_catalog.pg_class.relname 
FROM pg_catalog.pg_class JOIN pg_catalog.pg_namespace ON pg_catalog.pg_namespace.oid = pg_catalog.pg_class.relnamespace 
WHERE pg_catalog.pg_class.relname = %(table_name)s AND pg_catalog.pg_class.relkind = ANY (ARRAY[%(param_1)s, %(param_2)s, %(param_3)s, %(param_4)s, %(param_5)s]) AND pg_catalog.pg_table_is_visible(pg_catalog.pg_class.oid) AND pg_catalog.pg_namespace.nspname != %(nspname_1)s
2024-02-26 06:27:39,088 - INFO - [generated in 0.00077s] {'table_name': 'users', 'param_1': 'r', 'param_2': 'p', 'param_3': 'f', 'param_4': 'v', 'param_5': 'm', 'nspname_1': 'pg_catalog'}
2024-02-26 06:27:39,615 - INFO - SELECT pg_catalog.pg_class.relname 
FROM pg_catalog.pg_class JOIN pg_catalog.pg_namespace ON pg_catalog.pg_namespace.oid = pg_catalog.pg_class.relnamespace 
WHERE pg_catalog.pg_class.relname = %(table_name)s AND pg_catalog.pg_class.relkind = ANY (ARRAY[%(param_1)s, %(param_2)s, %(param_3)s, %(param_4)s, %(param_5)s]) AND pg_catalog.pg_table_is_visible(pg_catalog.pg_class.oid) AND pg_catalog.pg_namespace.nspname != %(nspname_1)s
2024-02-26 06:27:39,616 - INFO - [cached since 0.5282s ago] {'table_name': 'films', 'param_1': 'r', 'param_2': 'p', 'param_3': 'f', 'param_4': 'v', 'param_5': 'm', 'nspname_1': 'pg_catalog'}
2024-02-26 06:27:39,940 - INFO - SELECT pg_catalog.pg_class.relname 
FROM pg_catalog.pg_class JOIN pg_catalog.pg_namespace ON pg_catalog.pg_namespace.oid = pg_catalog.pg_class.relnamespace 
WHERE pg_catalog.pg_class.relname = %(table_name)s AND pg_catalog.pg_class.relkind = ANY (ARRAY[%(param_1)s, %(param_2)s, %(param_3)s, %(param_4)s, %(param_5)s]) AND pg_catalog.pg_table_is_visible(pg_catalog.pg_class.oid) AND pg_catalog.pg_namespace.nspname != %(nspname_1)s
2024-02-26 06:27:39,941 - INFO - [cached since 0.8531s ago] {'table_name': 'user_film_table', 'param_1': 'r', 'param_2': 'p', 'param_3': 'f', 'param_4': 'v', 'param_5': 'm', 'nspname_1': 'pg_catalog'}
2024-02-26 06:27:40,205 - INFO - SELECT pg_catalog.pg_class.relname 
FROM pg_catalog.pg_class JOIN pg_catalog.pg_namespace ON pg_catalog.pg_namespace.oid = pg_catalog.pg_class.relnamespace 
WHERE pg_catalog.pg_class.relname = %(table_name)s AND pg_catalog.pg_class.relkind = ANY (ARRAY[%(param_1)s, %(param_2)s, %(param_3)s, %(param_4)s, %(param_5)s]) AND pg_catalog.pg_table_is_visible(pg_catalog.pg_class.oid) AND pg_catalog.pg_namespace.nspname != %(nspname_1)s
2024-02-26 06:27:40,206 - INFO - [cached since 1.118s ago] {'table_name': 'user_company_table', 'param_1': 'r', 'param_2': 'p', 'param_3': 'f', 'param_4': 'v', 'param_5': 'm', 'nspname_1': 'pg_catalog'}
2024-02-26 06:27:40,466 - INFO - SELECT pg_catalog.pg_class.relname 
FROM pg_catalog.pg_class JOIN pg_catalog.pg_namespace ON pg_catalog.pg_namespace.oid = pg_catalog.pg_class.relnamespace 
WHERE pg_catalog.pg_class.relname = %(table_name)s AND pg_catalog.pg_class.relkind = ANY (ARRAY[%(param_1)s, %(param_2)s, %(param_3)s, %(param_4)s, %(param_5)s]) AND pg_catalog.pg_table_is_visible(pg_catalog.pg_class.oid) AND pg_catalog.pg_namespace.nspname != %(nspname_1)s
2024-02-26 06:27:40,467 - INFO - [cached since 1.38s ago] {'table_name': 'companies', 'param_1': 'r', 'param_2': 'p', 'param_3': 'f', 'param_4': 'v', 'param_5': 'm', 'nspname_1': 'pg_catalog'}
2024-02-26 06:27:40,817 - INFO - COMMIT
2024-02-26 06:27:41,688 - INFO - BEGIN (implicit)
2024-02-26 06:27:41,690 - INFO - SELECT companies.id, companies.name, companies.contact_email, companies.phone_number 
FROM companies 
WHERE companies.contact_email = %(contact_email_1)s
2024-02-26 06:27:41,690 - INFO - [generated in 0.00062s] {'contact_email_1': 'cmp10@gmail.com'}
2024-02-26 06:27:42,230 - INFO - SELECT films.id AS films_id, films.title AS films_title, films.description AS films_description, films.budget AS films_budget, films.release_year AS films_release_year, films.genres AS films_genres, films.company_id AS films_company_id 
FROM films 
WHERE %(param_1)s = films.company_id
2024-02-26 06:27:42,230 - INFO - [generated in 0.00071s] {'param_1': 2}
2024-02-26 06:27:42,544 - INFO - INSERT INTO films (title, description, budget, release_year, genres, company_id) VALUES (%(title)s, %(description)s, %(budget)s, %(release_year)s, %(genres)s, %(company_id)s) RETURNING films.id
2024-02-26 06:27:42,545 - INFO - [generated in 0.00066s] {'title': 'Movie1', 'description': 'This is movie 1', 'budget': 18761, 'release_year': 2024, 'genres': 'Fantasy', 'company_id': 2}
2024-02-26 06:27:42,901 - INFO - COMMIT
2024-02-26 06:28:03,745 - INFO - BEGIN (implicit)
2024-02-26 06:28:03,747 - INFO - SELECT films.id AS films_id, films.title AS films_title, films.description AS films_description, films.budget AS films_budget, films.release_year AS films_release_year, films.genres AS films_genres, films.company_id AS films_company_id 
FROM films
2024-02-26 06:28:03,748 - INFO - [generated in 0.00075s] {}
2024-02-26 06:28:04,308 - INFO - ROLLBACK
2024-02-26 06:28:41,590 - INFO - select pg_catalog.version()
2024-02-26 06:28:41,591 - INFO - [raw sql] {}
2024-02-26 06:28:42,268 - INFO - select current_schema()
2024-02-26 06:28:42,268 - INFO - [raw sql] {}
2024-02-26 06:28:42,787 - INFO - show standard_conforming_strings
2024-02-26 06:28:42,789 - INFO - [raw sql] {}
2024-02-26 06:28:43,316 - INFO - BEGIN (implicit)
2024-02-26 06:28:43,321 - INFO - SELECT pg_catalog.pg_class.relname 
FROM pg_catalog.pg_class JOIN pg_catalog.pg_namespace ON pg_catalog.pg_namespace.oid = pg_catalog.pg_class.relnamespace 
WHERE pg_catalog.pg_class.relname = %(table_name)s AND pg_catalog.pg_class.relkind = ANY (ARRAY[%(param_1)s, %(param_2)s, %(param_3)s, %(param_4)s, %(param_5)s]) AND pg_catalog.pg_table_is_visible(pg_catalog.pg_class.oid) AND pg_catalog.pg_namespace.nspname != %(nspname_1)s
2024-02-26 06:28:43,322 - INFO - [generated in 0.00091s] {'table_name': 'users', 'param_1': 'r', 'param_2': 'p', 'param_3': 'f', 'param_4': 'v', 'param_5': 'm', 'nspname_1': 'pg_catalog'}
2024-02-26 06:28:43,904 - INFO - SELECT pg_catalog.pg_class.relname 
FROM pg_catalog.pg_class JOIN pg_catalog.pg_namespace ON pg_catalog.pg_namespace.oid = pg_catalog.pg_class.relnamespace 
WHERE pg_catalog.pg_class.relname = %(table_name)s AND pg_catalog.pg_class.relkind = ANY (ARRAY[%(param_1)s, %(param_2)s, %(param_3)s, %(param_4)s, %(param_5)s]) AND pg_catalog.pg_table_is_visible(pg_catalog.pg_class.oid) AND pg_catalog.pg_namespace.nspname != %(nspname_1)s
2024-02-26 06:28:43,906 - INFO - [cached since 0.5846s ago] {'table_name': 'films', 'param_1': 'r', 'param_2': 'p', 'param_3': 'f', 'param_4': 'v', 'param_5': 'm', 'nspname_1': 'pg_catalog'}
2024-02-26 06:28:44,260 - INFO - SELECT pg_catalog.pg_class.relname 
FROM pg_catalog.pg_class JOIN pg_catalog.pg_namespace ON pg_catalog.pg_namespace.oid = pg_catalog.pg_class.relnamespace 
WHERE pg_catalog.pg_class.relname = %(table_name)s AND pg_catalog.pg_class.relkind = ANY (ARRAY[%(param_1)s, %(param_2)s, %(param_3)s, %(param_4)s, %(param_5)s]) AND pg_catalog.pg_table_is_visible(pg_catalog.pg_class.oid) AND pg_catalog.pg_namespace.nspname != %(nspname_1)s
2024-02-26 06:28:44,262 - INFO - [cached since 0.9404s ago] {'table_name': 'user_film_table', 'param_1': 'r', 'param_2': 'p', 'param_3': 'f', 'param_4': 'v', 'param_5': 'm', 'nspname_1': 'pg_catalog'}
2024-02-26 06:28:44,593 - INFO - SELECT pg_catalog.pg_class.relname 
FROM pg_catalog.pg_class JOIN pg_catalog.pg_namespace ON pg_catalog.pg_namespace.oid = pg_catalog.pg_class.relnamespace 
WHERE pg_catalog.pg_class.relname = %(table_name)s AND pg_catalog.pg_class.relkind = ANY (ARRAY[%(param_1)s, %(param_2)s, %(param_3)s, %(param_4)s, %(param_5)s]) AND pg_catalog.pg_table_is_visible(pg_catalog.pg_class.oid) AND pg_catalog.pg_namespace.nspname != %(nspname_1)s
2024-02-26 06:28:44,594 - INFO - [cached since 1.273s ago] {'table_name': 'user_company_table', 'param_1': 'r', 'param_2': 'p', 'param_3': 'f', 'param_4': 'v', 'param_5': 'm', 'nspname_1': 'pg_catalog'}
2024-02-26 06:28:44,854 - INFO - SELECT pg_catalog.pg_class.relname 
FROM pg_catalog.pg_class JOIN pg_catalog.pg_namespace ON pg_catalog.pg_namespace.oid = pg_catalog.pg_class.relnamespace 
WHERE pg_catalog.pg_class.relname = %(table_name)s AND pg_catalog.pg_class.relkind = ANY (ARRAY[%(param_1)s, %(param_2)s, %(param_3)s, %(param_4)s, %(param_5)s]) AND pg_catalog.pg_table_is_visible(pg_catalog.pg_class.oid) AND pg_catalog.pg_namespace.nspname != %(nspname_1)s
2024-02-26 06:28:44,855 - INFO - [cached since 1.534s ago] {'table_name': 'companies', 'param_1': 'r', 'param_2': 'p', 'param_3': 'f', 'param_4': 'v', 'param_5': 'm', 'nspname_1': 'pg_catalog'}
2024-02-26 06:28:45,123 - INFO - COMMIT
2024-02-26 06:28:46,080 - INFO - BEGIN (implicit)
2024-02-26 06:28:46,082 - INFO - SELECT companies.id, companies.name, companies.contact_email, companies.phone_number 
FROM companies 
WHERE companies.contact_email = %(contact_email_1)s
2024-02-26 06:28:46,082 - INFO - [generated in 0.00075s] {'contact_email_1': 'cmp10@gmail.com'}
2024-02-26 06:28:46,652 - INFO - SELECT films.id AS films_id, films.title AS films_title, films.description AS films_description, films.budget AS films_budget, films.release_year AS films_release_year, films.genres AS films_genres, films.company_id AS films_company_id 
FROM films 
WHERE %(param_1)s = films.company_id
2024-02-26 06:28:46,652 - INFO - [generated in 0.00104s] {'param_1': 2}
2024-02-26 06:28:46,920 - INFO - INSERT INTO films (title, description, budget, release_year, genres, company_id) VALUES (%(title)s, %(description)s, %(budget)s, %(release_year)s, %(genres)s, %(company_id)s) RETURNING films.id
2024-02-26 06:28:46,921 - INFO - [generated in 0.00091s] {'title': 'Movie2', 'description': 'This is movie 2', 'budget': 18761, 'release_year': 2024, 'genres': 'Fantasy', 'company_id': 2}
2024-02-26 06:28:47,183 - INFO - COMMIT
2024-02-26 06:29:44,051 - INFO - select pg_catalog.version()
2024-02-26 06:29:44,051 - INFO - [raw sql] {}
2024-02-26 06:29:44,605 - INFO - select current_schema()
2024-02-26 06:29:44,607 - INFO - [raw sql] {}
2024-02-26 06:29:45,134 - INFO - show standard_conforming_strings
2024-02-26 06:29:45,135 - INFO - [raw sql] {}
2024-02-26 06:29:45,681 - INFO - BEGIN (implicit)
2024-02-26 06:29:45,689 - INFO - SELECT pg_catalog.pg_class.relname 
FROM pg_catalog.pg_class JOIN pg_catalog.pg_namespace ON pg_catalog.pg_namespace.oid = pg_catalog.pg_class.relnamespace 
WHERE pg_catalog.pg_class.relname = %(table_name)s AND pg_catalog.pg_class.relkind = ANY (ARRAY[%(param_1)s, %(param_2)s, %(param_3)s, %(param_4)s, %(param_5)s]) AND pg_catalog.pg_table_is_visible(pg_catalog.pg_class.oid) AND pg_catalog.pg_namespace.nspname != %(nspname_1)s
2024-02-26 06:29:45,690 - INFO - [generated in 0.00086s] {'table_name': 'users', 'param_1': 'r', 'param_2': 'p', 'param_3': 'f', 'param_4': 'v', 'param_5': 'm', 'nspname_1': 'pg_catalog'}
2024-02-26 06:29:46,249 - INFO - SELECT pg_catalog.pg_class.relname 
FROM pg_catalog.pg_class JOIN pg_catalog.pg_namespace ON pg_catalog.pg_namespace.oid = pg_catalog.pg_class.relnamespace 
WHERE pg_catalog.pg_class.relname = %(table_name)s AND pg_catalog.pg_class.relkind = ANY (ARRAY[%(param_1)s, %(param_2)s, %(param_3)s, %(param_4)s, %(param_5)s]) AND pg_catalog.pg_table_is_visible(pg_catalog.pg_class.oid) AND pg_catalog.pg_namespace.nspname != %(nspname_1)s
2024-02-26 06:29:46,251 - INFO - [cached since 0.5616s ago] {'table_name': 'films', 'param_1': 'r', 'param_2': 'p', 'param_3': 'f', 'param_4': 'v', 'param_5': 'm', 'nspname_1': 'pg_catalog'}
2024-02-26 06:29:46,651 - INFO - SELECT pg_catalog.pg_class.relname 
FROM pg_catalog.pg_class JOIN pg_catalog.pg_namespace ON pg_catalog.pg_namespace.oid = pg_catalog.pg_class.relnamespace 
WHERE pg_catalog.pg_class.relname = %(table_name)s AND pg_catalog.pg_class.relkind = ANY (ARRAY[%(param_1)s, %(param_2)s, %(param_3)s, %(param_4)s, %(param_5)s]) AND pg_catalog.pg_table_is_visible(pg_catalog.pg_class.oid) AND pg_catalog.pg_namespace.nspname != %(nspname_1)s
2024-02-26 06:29:46,653 - INFO - [cached since 0.9636s ago] {'table_name': 'user_film_table', 'param_1': 'r', 'param_2': 'p', 'param_3': 'f', 'param_4': 'v', 'param_5': 'm', 'nspname_1': 'pg_catalog'}
2024-02-26 06:29:46,996 - INFO - SELECT pg_catalog.pg_class.relname 
FROM pg_catalog.pg_class JOIN pg_catalog.pg_namespace ON pg_catalog.pg_namespace.oid = pg_catalog.pg_class.relnamespace 
WHERE pg_catalog.pg_class.relname = %(table_name)s AND pg_catalog.pg_class.relkind = ANY (ARRAY[%(param_1)s, %(param_2)s, %(param_3)s, %(param_4)s, %(param_5)s]) AND pg_catalog.pg_table_is_visible(pg_catalog.pg_class.oid) AND pg_catalog.pg_namespace.nspname != %(nspname_1)s
2024-02-26 06:29:46,999 - INFO - [cached since 1.309s ago] {'table_name': 'user_company_table', 'param_1': 'r', 'param_2': 'p', 'param_3': 'f', 'param_4': 'v', 'param_5': 'm', 'nspname_1': 'pg_catalog'}
2024-02-26 06:29:47,269 - INFO - SELECT pg_catalog.pg_class.relname 
FROM pg_catalog.pg_class JOIN pg_catalog.pg_namespace ON pg_catalog.pg_namespace.oid = pg_catalog.pg_class.relnamespace 
WHERE pg_catalog.pg_class.relname = %(table_name)s AND pg_catalog.pg_class.relkind = ANY (ARRAY[%(param_1)s, %(param_2)s, %(param_3)s, %(param_4)s, %(param_5)s]) AND pg_catalog.pg_table_is_visible(pg_catalog.pg_class.oid) AND pg_catalog.pg_namespace.nspname != %(nspname_1)s
2024-02-26 06:29:47,270 - INFO - [cached since 1.581s ago] {'table_name': 'companies', 'param_1': 'r', 'param_2': 'p', 'param_3': 'f', 'param_4': 'v', 'param_5': 'm', 'nspname_1': 'pg_catalog'}
2024-02-26 06:29:47,688 - INFO - COMMIT
2024-02-26 06:29:48,627 - INFO - BEGIN (implicit)
2024-02-26 06:29:48,629 - INFO - SELECT companies.id, companies.name, companies.contact_email, companies.phone_number 
FROM companies 
WHERE companies.contact_email = %(contact_email_1)s
2024-02-26 06:29:48,629 - INFO - [generated in 0.00061s] {'contact_email_1': 'cmp11@gmail.com'}
2024-02-26 06:29:49,182 - INFO - SELECT films.id AS films_id, films.title AS films_title, films.description AS films_description, films.budget AS films_budget, films.release_year AS films_release_year, films.genres AS films_genres, films.company_id AS films_company_id 
FROM films 
WHERE %(param_1)s = films.company_id
2024-02-26 06:29:49,184 - INFO - [generated in 0.00152s] {'param_1': 3}
2024-02-26 06:29:49,455 - INFO - INSERT INTO films (title, description, budget, release_year, genres, company_id) VALUES (%(title)s, %(description)s, %(budget)s, %(release_year)s, %(genres)s, %(company_id)s) RETURNING films.id
2024-02-26 06:29:49,457 - INFO - [generated in 0.00236s] {'title': 'Movie3', 'description': 'This is movie 3', 'budget': 18761, 'release_year': 2024, 'genres': 'Drama, Fantasy, Story', 'company_id': 3}
2024-02-26 06:29:49,766 - INFO - COMMIT
2024-02-26 06:30:07,909 - INFO - BEGIN (implicit)
2024-02-26 06:30:07,911 - INFO - SELECT companies.id AS companies_id, companies.name AS companies_name, companies.contact_email AS companies_contact_email, companies.phone_number AS companies_phone_number 
FROM companies
2024-02-26 06:30:07,911 - INFO - [generated in 0.00060s] {}
2024-02-26 06:30:08,485 - INFO - ROLLBACK
2024-02-26 06:30:24,233 - INFO - BEGIN (implicit)
2024-02-26 06:30:24,234 - INFO - SELECT films.id AS films_id, films.title AS films_title, films.description AS films_description, films.budget AS films_budget, films.release_year AS films_release_year, films.genres AS films_genres, films.company_id AS films_company_id 
FROM films
2024-02-26 06:30:24,235 - INFO - [generated in 0.00082s] {}
2024-02-26 06:30:24,778 - INFO - ROLLBACK
2024-02-26 06:31:33,533 - INFO - select pg_catalog.version()
2024-02-26 06:31:33,534 - INFO - [raw sql] {}
2024-02-26 06:31:34,077 - INFO - select current_schema()
2024-02-26 06:31:34,079 - INFO - [raw sql] {}
2024-02-26 06:31:34,805 - INFO - show standard_conforming_strings
2024-02-26 06:31:34,806 - INFO - [raw sql] {}
2024-02-26 06:31:35,416 - INFO - BEGIN (implicit)
2024-02-26 06:31:35,423 - INFO - SELECT pg_catalog.pg_class.relname 
FROM pg_catalog.pg_class JOIN pg_catalog.pg_namespace ON pg_catalog.pg_namespace.oid = pg_catalog.pg_class.relnamespace 
WHERE pg_catalog.pg_class.relname = %(table_name)s AND pg_catalog.pg_class.relkind = ANY (ARRAY[%(param_1)s, %(param_2)s, %(param_3)s, %(param_4)s, %(param_5)s]) AND pg_catalog.pg_table_is_visible(pg_catalog.pg_class.oid) AND pg_catalog.pg_namespace.nspname != %(nspname_1)s
2024-02-26 06:31:35,424 - INFO - [generated in 0.00114s] {'table_name': 'users', 'param_1': 'r', 'param_2': 'p', 'param_3': 'f', 'param_4': 'v', 'param_5': 'm', 'nspname_1': 'pg_catalog'}
2024-02-26 06:31:36,119 - INFO - SELECT pg_catalog.pg_class.relname 
FROM pg_catalog.pg_class JOIN pg_catalog.pg_namespace ON pg_catalog.pg_namespace.oid = pg_catalog.pg_class.relnamespace 
WHERE pg_catalog.pg_class.relname = %(table_name)s AND pg_catalog.pg_class.relkind = ANY (ARRAY[%(param_1)s, %(param_2)s, %(param_3)s, %(param_4)s, %(param_5)s]) AND pg_catalog.pg_table_is_visible(pg_catalog.pg_class.oid) AND pg_catalog.pg_namespace.nspname != %(nspname_1)s
2024-02-26 06:31:36,120 - INFO - [cached since 0.6973s ago] {'table_name': 'films', 'param_1': 'r', 'param_2': 'p', 'param_3': 'f', 'param_4': 'v', 'param_5': 'm', 'nspname_1': 'pg_catalog'}
2024-02-26 06:31:36,546 - INFO - SELECT pg_catalog.pg_class.relname 
FROM pg_catalog.pg_class JOIN pg_catalog.pg_namespace ON pg_catalog.pg_namespace.oid = pg_catalog.pg_class.relnamespace 
WHERE pg_catalog.pg_class.relname = %(table_name)s AND pg_catalog.pg_class.relkind = ANY (ARRAY[%(param_1)s, %(param_2)s, %(param_3)s, %(param_4)s, %(param_5)s]) AND pg_catalog.pg_table_is_visible(pg_catalog.pg_class.oid) AND pg_catalog.pg_namespace.nspname != %(nspname_1)s
2024-02-26 06:31:36,547 - INFO - [cached since 1.125s ago] {'table_name': 'user_film_table', 'param_1': 'r', 'param_2': 'p', 'param_3': 'f', 'param_4': 'v', 'param_5': 'm', 'nspname_1': 'pg_catalog'}
2024-02-26 06:31:36,905 - INFO - SELECT pg_catalog.pg_class.relname 
FROM pg_catalog.pg_class JOIN pg_catalog.pg_namespace ON pg_catalog.pg_namespace.oid = pg_catalog.pg_class.relnamespace 
WHERE pg_catalog.pg_class.relname = %(table_name)s AND pg_catalog.pg_class.relkind = ANY (ARRAY[%(param_1)s, %(param_2)s, %(param_3)s, %(param_4)s, %(param_5)s]) AND pg_catalog.pg_table_is_visible(pg_catalog.pg_class.oid) AND pg_catalog.pg_namespace.nspname != %(nspname_1)s
2024-02-26 06:31:36,907 - INFO - [cached since 1.484s ago] {'table_name': 'user_company_table', 'param_1': 'r', 'param_2': 'p', 'param_3': 'f', 'param_4': 'v', 'param_5': 'm', 'nspname_1': 'pg_catalog'}
2024-02-26 06:31:37,240 - INFO - SELECT pg_catalog.pg_class.relname 
FROM pg_catalog.pg_class JOIN pg_catalog.pg_namespace ON pg_catalog.pg_namespace.oid = pg_catalog.pg_class.relnamespace 
WHERE pg_catalog.pg_class.relname = %(table_name)s AND pg_catalog.pg_class.relkind = ANY (ARRAY[%(param_1)s, %(param_2)s, %(param_3)s, %(param_4)s, %(param_5)s]) AND pg_catalog.pg_table_is_visible(pg_catalog.pg_class.oid) AND pg_catalog.pg_namespace.nspname != %(nspname_1)s
2024-02-26 06:31:37,243 - INFO - [cached since 1.82s ago] {'table_name': 'companies', 'param_1': 'r', 'param_2': 'p', 'param_3': 'f', 'param_4': 'v', 'param_5': 'm', 'nspname_1': 'pg_catalog'}
2024-02-26 06:31:37,507 - INFO - COMMIT
2024-02-26 06:31:51,723 - INFO - select pg_catalog.version()
2024-02-26 06:31:51,725 - INFO - [raw sql] {}
2024-02-26 06:31:52,249 - INFO - select current_schema()
2024-02-26 06:31:52,250 - INFO - [raw sql] {}
2024-02-26 06:31:52,766 - INFO - show standard_conforming_strings
2024-02-26 06:31:52,767 - INFO - [raw sql] {}
2024-02-26 06:31:53,290 - INFO - BEGIN (implicit)
2024-02-26 06:31:53,300 - INFO - SELECT pg_catalog.pg_class.relname 
FROM pg_catalog.pg_class JOIN pg_catalog.pg_namespace ON pg_catalog.pg_namespace.oid = pg_catalog.pg_class.relnamespace 
WHERE pg_catalog.pg_class.relname = %(table_name)s AND pg_catalog.pg_class.relkind = ANY (ARRAY[%(param_1)s, %(param_2)s, %(param_3)s, %(param_4)s, %(param_5)s]) AND pg_catalog.pg_table_is_visible(pg_catalog.pg_class.oid) AND pg_catalog.pg_namespace.nspname != %(nspname_1)s
2024-02-26 06:31:53,301 - INFO - [generated in 0.00075s] {'table_name': 'users', 'param_1': 'r', 'param_2': 'p', 'param_3': 'f', 'param_4': 'v', 'param_5': 'm', 'nspname_1': 'pg_catalog'}
2024-02-26 06:31:54,059 - INFO - SELECT pg_catalog.pg_class.relname 
FROM pg_catalog.pg_class JOIN pg_catalog.pg_namespace ON pg_catalog.pg_namespace.oid = pg_catalog.pg_class.relnamespace 
WHERE pg_catalog.pg_class.relname = %(table_name)s AND pg_catalog.pg_class.relkind = ANY (ARRAY[%(param_1)s, %(param_2)s, %(param_3)s, %(param_4)s, %(param_5)s]) AND pg_catalog.pg_table_is_visible(pg_catalog.pg_class.oid) AND pg_catalog.pg_namespace.nspname != %(nspname_1)s
2024-02-26 06:31:54,061 - INFO - [cached since 0.7607s ago] {'table_name': 'films', 'param_1': 'r', 'param_2': 'p', 'param_3': 'f', 'param_4': 'v', 'param_5': 'm', 'nspname_1': 'pg_catalog'}
2024-02-26 06:31:54,315 - INFO - SELECT pg_catalog.pg_class.relname 
FROM pg_catalog.pg_class JOIN pg_catalog.pg_namespace ON pg_catalog.pg_namespace.oid = pg_catalog.pg_class.relnamespace 
WHERE pg_catalog.pg_class.relname = %(table_name)s AND pg_catalog.pg_class.relkind = ANY (ARRAY[%(param_1)s, %(param_2)s, %(param_3)s, %(param_4)s, %(param_5)s]) AND pg_catalog.pg_table_is_visible(pg_catalog.pg_class.oid) AND pg_catalog.pg_namespace.nspname != %(nspname_1)s
2024-02-26 06:31:54,316 - INFO - [cached since 1.016s ago] {'table_name': 'user_film_table', 'param_1': 'r', 'param_2': 'p', 'param_3': 'f', 'param_4': 'v', 'param_5': 'm', 'nspname_1': 'pg_catalog'}
2024-02-26 06:31:54,748 - INFO - SELECT pg_catalog.pg_class.relname 
FROM pg_catalog.pg_class JOIN pg_catalog.pg_namespace ON pg_catalog.pg_namespace.oid = pg_catalog.pg_class.relnamespace 
WHERE pg_catalog.pg_class.relname = %(table_name)s AND pg_catalog.pg_class.relkind = ANY (ARRAY[%(param_1)s, %(param_2)s, %(param_3)s, %(param_4)s, %(param_5)s]) AND pg_catalog.pg_table_is_visible(pg_catalog.pg_class.oid) AND pg_catalog.pg_namespace.nspname != %(nspname_1)s
2024-02-26 06:31:54,749 - INFO - [cached since 1.449s ago] {'table_name': 'user_company_table', 'param_1': 'r', 'param_2': 'p', 'param_3': 'f', 'param_4': 'v', 'param_5': 'm', 'nspname_1': 'pg_catalog'}
2024-02-26 06:31:55,009 - INFO - SELECT pg_catalog.pg_class.relname 
FROM pg_catalog.pg_class JOIN pg_catalog.pg_namespace ON pg_catalog.pg_namespace.oid = pg_catalog.pg_class.relnamespace 
WHERE pg_catalog.pg_class.relname = %(table_name)s AND pg_catalog.pg_class.relkind = ANY (ARRAY[%(param_1)s, %(param_2)s, %(param_3)s, %(param_4)s, %(param_5)s]) AND pg_catalog.pg_table_is_visible(pg_catalog.pg_class.oid) AND pg_catalog.pg_namespace.nspname != %(nspname_1)s
2024-02-26 06:31:55,011 - INFO - [cached since 1.711s ago] {'table_name': 'companies', 'param_1': 'r', 'param_2': 'p', 'param_3': 'f', 'param_4': 'v', 'param_5': 'm', 'nspname_1': 'pg_catalog'}
2024-02-26 06:31:55,444 - INFO - COMMIT
2024-02-26 06:32:54,661 - INFO - BEGIN (implicit)
2024-02-26 06:32:54,663 - INFO - SELECT films.id AS films_id, films.title AS films_title, films.description AS films_description, films.budget AS films_budget, films.release_year AS films_release_year, films.genres AS films_genres, films.company_id AS films_company_id 
FROM films
2024-02-26 06:32:54,663 - INFO - [generated in 0.00063s] {}
2024-02-26 06:32:55,190 - INFO - ROLLBACK
2024-02-26 06:33:34,039 - INFO - BEGIN (implicit)
2024-02-26 06:33:34,041 - INFO - SELECT users.id AS users_id, users.first_name AS users_first_name, users.last_name AS users_last_name, users.email AS users_email, users.minimum_fee AS users_minimum_fee 
FROM users 
WHERE users.email = %(email_1)s 
 LIMIT %(param_1)s
2024-02-26 06:33:34,042 - INFO - [generated in 0.00091s] {'email_1': 'user1@gmail.com', 'param_1': 1}
2024-02-26 06:33:34,754 - INFO - ROLLBACK
2024-02-26 06:33:35,099 - INFO - BEGIN (implicit)
2024-02-26 06:33:35,101 - INFO - SELECT films.id AS films_id, films.title AS films_title, films.description AS films_description, films.budget AS films_budget, films.release_year AS films_release_year, films.genres AS films_genres, films.company_id AS films_company_id 
FROM films 
WHERE films.title = %(title_1)s 
 LIMIT %(param_1)s
2024-02-26 06:33:35,102 - INFO - [generated in 0.00109s] {'title_1': 'Movie1', 'param_1': 1}
2024-02-26 06:33:35,628 - INFO - ROLLBACK
2024-02-26 06:33:35,889 - INFO - BEGIN (implicit)
2024-02-26 06:33:35,891 - INFO - INSERT INTO user_film_table (user_id, film_id, role) VALUES (%(user_id)s, %(film_id)s, %(role)s) RETURNING user_film_table.id
2024-02-26 06:33:35,892 - INFO - [generated in 0.00081s] {'user_id': 2, 'film_id': 1, 'role': 'writer'}
2024-02-26 06:33:36,488 - INFO - COMMIT
2024-02-26 06:37:06,554 - INFO - select pg_catalog.version()
2024-02-26 06:37:06,555 - INFO - [raw sql] {}
2024-02-26 06:37:07,215 - INFO - select current_schema()
2024-02-26 06:37:07,216 - INFO - [raw sql] {}
2024-02-26 06:37:07,942 - INFO - show standard_conforming_strings
2024-02-26 06:37:07,943 - INFO - [raw sql] {}
2024-02-26 06:37:08,638 - INFO - BEGIN (implicit)
2024-02-26 06:37:08,655 - INFO - SELECT pg_catalog.pg_class.relname 
FROM pg_catalog.pg_class JOIN pg_catalog.pg_namespace ON pg_catalog.pg_namespace.oid = pg_catalog.pg_class.relnamespace 
WHERE pg_catalog.pg_class.relname = %(table_name)s AND pg_catalog.pg_class.relkind = ANY (ARRAY[%(param_1)s, %(param_2)s, %(param_3)s, %(param_4)s, %(param_5)s]) AND pg_catalog.pg_table_is_visible(pg_catalog.pg_class.oid) AND pg_catalog.pg_namespace.nspname != %(nspname_1)s
2024-02-26 06:37:08,656 - INFO - [generated in 0.00173s] {'table_name': 'users', 'param_1': 'r', 'param_2': 'p', 'param_3': 'f', 'param_4': 'v', 'param_5': 'm', 'nspname_1': 'pg_catalog'}
2024-02-26 06:37:09,330 - INFO - SELECT pg_catalog.pg_class.relname 
FROM pg_catalog.pg_class JOIN pg_catalog.pg_namespace ON pg_catalog.pg_namespace.oid = pg_catalog.pg_class.relnamespace 
WHERE pg_catalog.pg_class.relname = %(table_name)s AND pg_catalog.pg_class.relkind = ANY (ARRAY[%(param_1)s, %(param_2)s, %(param_3)s, %(param_4)s, %(param_5)s]) AND pg_catalog.pg_table_is_visible(pg_catalog.pg_class.oid) AND pg_catalog.pg_namespace.nspname != %(nspname_1)s
2024-02-26 06:37:09,330 - INFO - [cached since 0.676s ago] {'table_name': 'films', 'param_1': 'r', 'param_2': 'p', 'param_3': 'f', 'param_4': 'v', 'param_5': 'm', 'nspname_1': 'pg_catalog'}
2024-02-26 06:37:09,683 - INFO - SELECT pg_catalog.pg_class.relname 
FROM pg_catalog.pg_class JOIN pg_catalog.pg_namespace ON pg_catalog.pg_namespace.oid = pg_catalog.pg_class.relnamespace 
WHERE pg_catalog.pg_class.relname = %(table_name)s AND pg_catalog.pg_class.relkind = ANY (ARRAY[%(param_1)s, %(param_2)s, %(param_3)s, %(param_4)s, %(param_5)s]) AND pg_catalog.pg_table_is_visible(pg_catalog.pg_class.oid) AND pg_catalog.pg_namespace.nspname != %(nspname_1)s
2024-02-26 06:37:09,684 - INFO - [cached since 1.03s ago] {'table_name': 'user_film_table', 'param_1': 'r', 'param_2': 'p', 'param_3': 'f', 'param_4': 'v', 'param_5': 'm', 'nspname_1': 'pg_catalog'}
2024-02-26 06:37:10,029 - INFO - SELECT pg_catalog.pg_class.relname 
FROM pg_catalog.pg_class JOIN pg_catalog.pg_namespace ON pg_catalog.pg_namespace.oid = pg_catalog.pg_class.relnamespace 
WHERE pg_catalog.pg_class.relname = %(table_name)s AND pg_catalog.pg_class.relkind = ANY (ARRAY[%(param_1)s, %(param_2)s, %(param_3)s, %(param_4)s, %(param_5)s]) AND pg_catalog.pg_table_is_visible(pg_catalog.pg_class.oid) AND pg_catalog.pg_namespace.nspname != %(nspname_1)s
2024-02-26 06:37:10,031 - INFO - [cached since 1.376s ago] {'table_name': 'user_company_table', 'param_1': 'r', 'param_2': 'p', 'param_3': 'f', 'param_4': 'v', 'param_5': 'm', 'nspname_1': 'pg_catalog'}
2024-02-26 06:37:10,374 - INFO - SELECT pg_catalog.pg_class.relname 
FROM pg_catalog.pg_class JOIN pg_catalog.pg_namespace ON pg_catalog.pg_namespace.oid = pg_catalog.pg_class.relnamespace 
WHERE pg_catalog.pg_class.relname = %(table_name)s AND pg_catalog.pg_class.relkind = ANY (ARRAY[%(param_1)s, %(param_2)s, %(param_3)s, %(param_4)s, %(param_5)s]) AND pg_catalog.pg_table_is_visible(pg_catalog.pg_class.oid) AND pg_catalog.pg_namespace.nspname != %(nspname_1)s
2024-02-26 06:37:10,375 - INFO - [cached since 1.721s ago] {'table_name': 'companies', 'param_1': 'r', 'param_2': 'p', 'param_3': 'f', 'param_4': 'v', 'param_5': 'm', 'nspname_1': 'pg_catalog'}
2024-02-26 06:37:10,631 - INFO - COMMIT
2024-02-26 06:37:11,577 - INFO - BEGIN (implicit)
2024-02-26 06:37:11,578 - INFO - SELECT users.id AS users_id, users.first_name AS users_first_name, users.last_name AS users_last_name, users.email AS users_email, users.minimum_fee AS users_minimum_fee 
FROM users
2024-02-26 06:37:11,579 - INFO - [generated in 0.00066s] {}
2024-02-26 06:37:12,279 - INFO - ROLLBACK
2024-02-26 06:37:24,794 - INFO - BEGIN (implicit)
2024-02-26 06:37:24,795 - INFO - SELECT users.id AS users_id, users.first_name AS users_first_name, users.last_name AS users_last_name, users.email AS users_email, users.minimum_fee AS users_minimum_fee 
FROM users 
 LIMIT %(param_1)s
2024-02-26 06:37:24,796 - INFO - [generated in 0.00064s] {'param_1': 4}
2024-02-26 06:37:25,629 - INFO - ROLLBACK
2024-02-26 06:37:41,953 - INFO - BEGIN (implicit)
2024-02-26 06:37:41,955 - INFO - SELECT films.id AS films_id, films.title AS films_title, films.description AS films_description, films.budget AS films_budget, films.release_year AS films_release_year, films.genres AS films_genres, films.company_id AS films_company_id 
FROM films
2024-02-26 06:37:41,955 - INFO - [generated in 0.00080s] {}
2024-02-26 06:37:42,619 - INFO - ROLLBACK
2024-02-26 06:38:17,778 - INFO - BEGIN (implicit)
2024-02-26 06:38:17,780 - INFO - SELECT companies.id AS companies_id, companies.name AS companies_name, companies.contact_email AS companies_contact_email, companies.phone_number AS companies_phone_number 
FROM companies
2024-02-26 06:38:17,780 - INFO - [generated in 0.00059s] {}
2024-02-26 06:38:18,494 - INFO - ROLLBACK
2024-02-26 06:39:44,764 - INFO - BEGIN (implicit)
2024-02-26 06:39:44,767 - INFO - SELECT user_film_table.id AS user_film_table_id, user_film_table.user_id AS user_film_table_user_id, user_film_table.film_id AS user_film_table_film_id, user_film_table.role AS user_film_table_role 
FROM user_film_table 
WHERE user_film_table.user_id = %(user_id_1)s
2024-02-26 06:39:44,767 - INFO - [generated in 0.00083s] {'user_id_1': 1}
2024-02-26 06:39:45,510 - INFO - ROLLBACK
2024-02-26 06:41:33,831 - INFO - BEGIN (implicit)
2024-02-26 06:41:33,834 - INFO - SELECT users.id AS users_id, users.first_name AS users_first_name, users.last_name AS users_last_name, users.email AS users_email, users.minimum_fee AS users_minimum_fee 
FROM users 
WHERE users.email = %(email_1)s 
 LIMIT %(param_1)s
2024-02-26 06:41:33,835 - INFO - [generated in 0.00082s] {'email_1': 'user1@gmail.com', 'param_1': 1}
2024-02-26 06:41:34,528 - INFO - ROLLBACK
2024-02-26 06:41:34,878 - INFO - BEGIN (implicit)
2024-02-26 06:41:34,880 - INFO - SELECT films.id AS films_id, films.title AS films_title, films.description AS films_description, films.budget AS films_budget, films.release_year AS films_release_year, films.genres AS films_genres, films.company_id AS films_company_id 
FROM films 
WHERE films.title = %(title_1)s 
 LIMIT %(param_1)s
2024-02-26 06:41:34,881 - INFO - [generated in 0.00117s] {'title_1': 'Movie3', 'param_1': 1}
2024-02-26 06:41:35,569 - INFO - ROLLBACK
2024-02-26 06:41:35,927 - INFO - BEGIN (implicit)
2024-02-26 06:41:35,935 - INFO - INSERT INTO user_film_table (user_id, film_id, role) VALUES (%(user_id)s, %(film_id)s, %(role)s) RETURNING user_film_table.id
2024-02-26 06:41:35,936 - INFO - [generated in 0.00169s] {'user_id': 2, 'film_id': 3, 'role': 'director'}
2024-02-26 06:41:36,617 - INFO - COMMIT
2024-02-26 06:42:28,375 - INFO - BEGIN (implicit)
2024-02-26 06:42:28,375 - INFO - SELECT user_film_table.id AS user_film_table_id, user_film_table.user_id AS user_film_table_user_id, user_film_table.film_id AS user_film_table_film_id, user_film_table.role AS user_film_table_role 
FROM user_film_table 
WHERE user_film_table.user_id = %(user_id_1)s
2024-02-26 06:42:28,376 - INFO - [cached since 163.6s ago] {'user_id_1': 1}
2024-02-26 06:42:29,138 - INFO - ROLLBACK
2024-02-26 06:42:35,284 - INFO - BEGIN (implicit)
2024-02-26 06:42:35,285 - INFO - SELECT user_film_table.id AS user_film_table_id, user_film_table.user_id AS user_film_table_user_id, user_film_table.film_id AS user_film_table_film_id, user_film_table.role AS user_film_table_role 
FROM user_film_table 
WHERE user_film_table.user_id = %(user_id_1)s
2024-02-26 06:42:35,286 - INFO - [cached since 170.5s ago] {'user_id_1': 2}
2024-02-26 06:42:35,895 - INFO - ROLLBACK
2024-02-26 06:43:26,049 - INFO - BEGIN (implicit)
2024-02-26 06:43:26,049 - INFO - SELECT users.id AS users_id, users.first_name AS users_first_name, users.last_name AS users_last_name, users.email AS users_email, users.minimum_fee AS users_minimum_fee 
FROM users
2024-02-26 06:43:26,050 - INFO - [cached since 374.5s ago] {}
2024-02-26 06:43:26,674 - INFO - ROLLBACK
2024-02-26 06:43:53,867 - INFO - BEGIN (implicit)
2024-02-26 06:43:53,868 - INFO - SELECT users.id AS users_id, users.first_name AS users_first_name, users.last_name AS users_last_name, users.email AS users_email, users.minimum_fee AS users_minimum_fee 
FROM users 
WHERE users.email = %(email_1)s 
 LIMIT %(param_1)s
2024-02-26 06:43:53,869 - INFO - [cached since 140s ago] {'email_1': 'user4@gmail.com', 'param_1': 1}
2024-02-26 06:43:57,007 - INFO - ROLLBACK
2024-02-26 06:43:57,374 - INFO - BEGIN (implicit)
2024-02-26 06:43:57,375 - INFO - SELECT films.id AS films_id, films.title AS films_title, films.description AS films_description, films.budget AS films_budget, films.release_year AS films_release_year, films.genres AS films_genres, films.company_id AS films_company_id 
FROM films 
WHERE films.title = %(title_1)s 
 LIMIT %(param_1)s
2024-02-26 06:43:57,375 - INFO - [cached since 142.5s ago] {'title_1': 'Movie1', 'param_1': 1}
2024-02-26 06:43:58,049 - INFO - ROLLBACK
2024-02-26 06:43:58,303 - INFO - BEGIN (implicit)
2024-02-26 06:43:58,304 - INFO - INSERT INTO user_film_table (user_id, film_id, role) VALUES (%(user_id)s, %(film_id)s, %(role)s) RETURNING user_film_table.id
2024-02-26 06:43:58,306 - INFO - [cached since 142.4s ago] {'user_id': 1, 'film_id': 1, 'role': 'producer'}
2024-02-26 06:43:58,834 - INFO - COMMIT
2024-02-26 06:44:06,821 - INFO - BEGIN (implicit)
2024-02-26 06:44:06,822 - INFO - SELECT user_film_table.id AS user_film_table_id, user_film_table.user_id AS user_film_table_user_id, user_film_table.film_id AS user_film_table_film_id, user_film_table.role AS user_film_table_role 
FROM user_film_table 
WHERE user_film_table.user_id = %(user_id_1)s
2024-02-26 06:44:06,823 - INFO - [cached since 262.1s ago] {'user_id_1': 1}
2024-02-26 06:44:07,582 - INFO - ROLLBACK
2024-02-26 06:45:27,337 - INFO - BEGIN (implicit)
2024-02-26 06:45:27,349 - INFO - SELECT companies.id AS companies_id, companies.name AS companies_name, companies.contact_email AS companies_contact_email, companies.phone_number AS companies_phone_number 
FROM companies
2024-02-26 06:45:27,353 - INFO - [cached since 429.6s ago] {}
2024-02-26 06:45:27,927 - INFO - ROLLBACK
2024-02-26 06:45:55,205 - INFO - BEGIN (implicit)
2024-02-26 06:45:55,206 - INFO - SELECT users.id AS users_id, users.first_name AS users_first_name, users.last_name AS users_last_name, users.email AS users_email, users.minimum_fee AS users_minimum_fee 
FROM users 
WHERE users.email = %(email_1)s 
 LIMIT %(param_1)s
2024-02-26 06:45:55,207 - INFO - [cached since 261.4s ago] {'email_1': 'user1@gmail.com', 'param_1': 1}
2024-02-26 06:45:55,919 - INFO - ROLLBACK
2024-02-26 06:45:56,274 - INFO - BEGIN (implicit)
2024-02-26 06:45:56,276 - INFO - SELECT companies.id AS companies_id, companies.name AS companies_name, companies.contact_email AS companies_contact_email, companies.phone_number AS companies_phone_number 
FROM companies 
WHERE companies.contact_email = %(contact_email_1)s 
 LIMIT %(param_1)s
2024-02-26 06:45:56,276 - INFO - [generated in 0.00066s] {'contact_email_1': 'cmp4@gmail.com', 'param_1': 1}
2024-02-26 06:45:56,875 - INFO - ROLLBACK
2024-02-26 06:45:57,134 - INFO - BEGIN (implicit)
2024-02-26 06:45:57,140 - INFO - INSERT INTO user_company_table (user_id, company_id, role) VALUES (%(user_id)s, %(company_id)s, %(role)s) RETURNING user_company_table.id
2024-02-26 06:45:57,142 - INFO - [generated in 0.00189s] {'user_id': 2, 'company_id': 1, 'role': 'member'}
2024-02-26 06:45:57,745 - INFO - COMMIT
2024-02-26 06:46:55,209 - INFO - BEGIN (implicit)
2024-02-26 06:46:55,211 - INFO - SELECT users.id AS users_id, users.first_name AS users_first_name, users.last_name AS users_last_name, users.email AS users_email, users.minimum_fee AS users_minimum_fee 
FROM users 
WHERE users.email = %(email_1)s 
 LIMIT %(param_1)s
2024-02-26 06:46:55,212 - INFO - [cached since 321.4s ago] {'email_1': 'user4@gmail.com', 'param_1': 1}
2024-02-26 06:46:55,891 - INFO - ROLLBACK
2024-02-26 06:46:56,242 - INFO - BEGIN (implicit)
2024-02-26 06:46:56,243 - INFO - SELECT companies.id AS companies_id, companies.name AS companies_name, companies.contact_email AS companies_contact_email, companies.phone_number AS companies_phone_number 
FROM companies 
WHERE companies.contact_email = %(contact_email_1)s 
 LIMIT %(param_1)s
2024-02-26 06:46:56,244 - INFO - [cached since 59.97s ago] {'contact_email_1': 'cmp4@gmail.com', 'param_1': 1}
2024-02-26 06:46:56,932 - INFO - ROLLBACK
2024-02-26 06:46:57,278 - INFO - BEGIN (implicit)
2024-02-26 06:46:57,279 - INFO - INSERT INTO user_company_table (user_id, company_id, role) VALUES (%(user_id)s, %(company_id)s, %(role)s) RETURNING user_company_table.id
2024-02-26 06:46:57,280 - INFO - [cached since 60.14s ago] {'user_id': 1, 'company_id': 1, 'role': 'member'}
2024-02-26 06:46:57,985 - INFO - COMMIT
2024-02-26 06:47:17,784 - INFO - BEGIN (implicit)
2024-02-26 06:47:17,785 - INFO - SELECT users.id AS users_id, users.first_name AS users_first_name, users.last_name AS users_last_name, users.email AS users_email, users.minimum_fee AS users_minimum_fee 
FROM users 
WHERE users.email = %(email_1)s 
 LIMIT %(param_1)s
2024-02-26 06:47:17,786 - INFO - [cached since 344s ago] {'email_1': 'user4@gmail.com', 'param_1': 1}
2024-02-26 06:47:18,385 - INFO - ROLLBACK
2024-02-26 06:47:18,774 - INFO - BEGIN (implicit)
2024-02-26 06:47:18,775 - INFO - SELECT companies.id AS companies_id, companies.name AS companies_name, companies.contact_email AS companies_contact_email, companies.phone_number AS companies_phone_number 
FROM companies 
WHERE companies.contact_email = %(contact_email_1)s 
 LIMIT %(param_1)s
2024-02-26 06:47:18,776 - INFO - [cached since 82.5s ago] {'contact_email_1': 'cmp11@gmail.com', 'param_1': 1}
2024-02-26 06:47:19,468 - INFO - ROLLBACK
2024-02-26 06:47:19,811 - INFO - BEGIN (implicit)
2024-02-26 06:47:19,813 - INFO - INSERT INTO user_company_table (user_id, company_id, role) VALUES (%(user_id)s, %(company_id)s, %(role)s) RETURNING user_company_table.id
2024-02-26 06:47:19,814 - INFO - [cached since 82.67s ago] {'user_id': 1, 'company_id': 3, 'role': 'member'}
2024-02-26 06:47:20,504 - INFO - COMMIT
2024-02-26 06:49:00,888 - INFO - BEGIN (implicit)
2024-02-26 06:49:00,889 - INFO - SELECT users.id AS users_id, users.first_name AS users_first_name, users.last_name AS users_last_name, users.email AS users_email, users.minimum_fee AS users_minimum_fee 
FROM users
2024-02-26 06:49:00,890 - INFO - [cached since 709.3s ago] {}
2024-02-26 06:49:01,550 - INFO - ROLLBACK
2024-02-26 06:51:10,020 - INFO - select pg_catalog.version()
2024-02-26 06:51:10,023 - INFO - [raw sql] {}
2024-02-26 06:51:10,691 - INFO - select current_schema()
2024-02-26 06:51:10,691 - INFO - [raw sql] {}
2024-02-26 06:51:11,382 - INFO - show standard_conforming_strings
2024-02-26 06:51:11,384 - INFO - [raw sql] {}
2024-02-26 06:51:12,075 - INFO - BEGIN (implicit)
2024-02-26 06:51:12,092 - INFO - SELECT pg_catalog.pg_class.relname 
FROM pg_catalog.pg_class JOIN pg_catalog.pg_namespace ON pg_catalog.pg_namespace.oid = pg_catalog.pg_class.relnamespace 
WHERE pg_catalog.pg_class.relname = %(table_name)s AND pg_catalog.pg_class.relkind = ANY (ARRAY[%(param_1)s, %(param_2)s, %(param_3)s, %(param_4)s, %(param_5)s]) AND pg_catalog.pg_table_is_visible(pg_catalog.pg_class.oid) AND pg_catalog.pg_namespace.nspname != %(nspname_1)s
2024-02-26 06:51:12,093 - INFO - [generated in 0.00200s] {'table_name': 'users', 'param_1': 'r', 'param_2': 'p', 'param_3': 'f', 'param_4': 'v', 'param_5': 'm', 'nspname_1': 'pg_catalog'}
2024-02-26 06:51:12,772 - INFO - SELECT pg_catalog.pg_class.relname 
FROM pg_catalog.pg_class JOIN pg_catalog.pg_namespace ON pg_catalog.pg_namespace.oid = pg_catalog.pg_class.relnamespace 
WHERE pg_catalog.pg_class.relname = %(table_name)s AND pg_catalog.pg_class.relkind = ANY (ARRAY[%(param_1)s, %(param_2)s, %(param_3)s, %(param_4)s, %(param_5)s]) AND pg_catalog.pg_table_is_visible(pg_catalog.pg_class.oid) AND pg_catalog.pg_namespace.nspname != %(nspname_1)s
2024-02-26 06:51:12,774 - INFO - [cached since 0.6823s ago] {'table_name': 'films', 'param_1': 'r', 'param_2': 'p', 'param_3': 'f', 'param_4': 'v', 'param_5': 'm', 'nspname_1': 'pg_catalog'}
2024-02-26 06:51:13,114 - INFO - SELECT pg_catalog.pg_class.relname 
FROM pg_catalog.pg_class JOIN pg_catalog.pg_namespace ON pg_catalog.pg_namespace.oid = pg_catalog.pg_class.relnamespace 
WHERE pg_catalog.pg_class.relname = %(table_name)s AND pg_catalog.pg_class.relkind = ANY (ARRAY[%(param_1)s, %(param_2)s, %(param_3)s, %(param_4)s, %(param_5)s]) AND pg_catalog.pg_table_is_visible(pg_catalog.pg_class.oid) AND pg_catalog.pg_namespace.nspname != %(nspname_1)s
2024-02-26 06:51:13,115 - INFO - [cached since 1.024s ago] {'table_name': 'user_film_table', 'param_1': 'r', 'param_2': 'p', 'param_3': 'f', 'param_4': 'v', 'param_5': 'm', 'nspname_1': 'pg_catalog'}
2024-02-26 06:51:13,462 - INFO - SELECT pg_catalog.pg_class.relname 
FROM pg_catalog.pg_class JOIN pg_catalog.pg_namespace ON pg_catalog.pg_namespace.oid = pg_catalog.pg_class.relnamespace 
WHERE pg_catalog.pg_class.relname = %(table_name)s AND pg_catalog.pg_class.relkind = ANY (ARRAY[%(param_1)s, %(param_2)s, %(param_3)s, %(param_4)s, %(param_5)s]) AND pg_catalog.pg_table_is_visible(pg_catalog.pg_class.oid) AND pg_catalog.pg_namespace.nspname != %(nspname_1)s
2024-02-26 06:51:13,464 - INFO - [cached since 1.372s ago] {'table_name': 'user_company_table', 'param_1': 'r', 'param_2': 'p', 'param_3': 'f', 'param_4': 'v', 'param_5': 'm', 'nspname_1': 'pg_catalog'}
2024-02-26 06:51:13,810 - INFO - SELECT pg_catalog.pg_class.relname 
FROM pg_catalog.pg_class JOIN pg_catalog.pg_namespace ON pg_catalog.pg_namespace.oid = pg_catalog.pg_class.relnamespace 
WHERE pg_catalog.pg_class.relname = %(table_name)s AND pg_catalog.pg_class.relkind = ANY (ARRAY[%(param_1)s, %(param_2)s, %(param_3)s, %(param_4)s, %(param_5)s]) AND pg_catalog.pg_table_is_visible(pg_catalog.pg_class.oid) AND pg_catalog.pg_namespace.nspname != %(nspname_1)s
2024-02-26 06:51:13,811 - INFO - [cached since 1.72s ago] {'table_name': 'companies', 'param_1': 'r', 'param_2': 'p', 'param_3': 'f', 'param_4': 'v', 'param_5': 'm', 'nspname_1': 'pg_catalog'}
2024-02-26 06:51:14,152 - INFO - COMMIT
2024-02-26 06:51:24,600 - INFO - BEGIN (implicit)
2024-02-26 06:51:24,602 - INFO - SELECT user_film_table.id AS user_film_table_id, user_film_table.user_id AS user_film_table_user_id, user_film_table.film_id AS user_film_table_film_id, user_film_table.role AS user_film_table_role 
FROM user_film_table 
WHERE user_film_table.user_id = %(user_id_1)s
2024-02-26 06:51:24,603 - INFO - [generated in 0.00113s] {'user_id_1': 1}
2024-02-26 06:51:25,144 - INFO - ROLLBACK
2024-02-26 06:51:47,051 - INFO - BEGIN (implicit)
2024-02-26 06:51:47,052 - INFO - SELECT user_company_table.id AS user_company_table_id, user_company_table.user_id AS user_company_table_user_id, user_company_table.company_id AS user_company_table_company_id, user_company_table.role AS user_company_table_role 
FROM user_company_table 
WHERE user_company_table.user_id = %(user_id_1)s
2024-02-26 06:51:47,053 - INFO - [generated in 0.00064s] {'user_id_1': 1}
2024-02-26 06:51:47,608 - INFO - ROLLBACK
2024-02-26 06:52:59,660 - INFO - BEGIN (implicit)
2024-02-26 06:52:59,662 - INFO - SELECT users.id AS users_id, users.first_name AS users_first_name, users.last_name AS users_last_name, users.email AS users_email, users.minimum_fee AS users_minimum_fee 
FROM users 
WHERE users.email = %(email_1)s 
 LIMIT %(param_1)s
2024-02-26 06:52:59,663 - INFO - [generated in 0.00074s] {'email_1': 'user13@gmail.com', 'param_1': 1}
2024-02-26 06:53:00,252 - INFO - ROLLBACK
2024-02-26 06:53:00,556 - INFO - BEGIN (implicit)
2024-02-26 06:53:00,558 - INFO - SELECT companies.id AS companies_id, companies.name AS companies_name, companies.contact_email AS companies_contact_email, companies.phone_number AS companies_phone_number 
FROM companies 
WHERE companies.contact_email = %(contact_email_1)s 
 LIMIT %(param_1)s
2024-02-26 06:53:00,559 - INFO - [generated in 0.00070s] {'contact_email_1': 'cmp4@gmail.com', 'param_1': 1}
2024-02-26 06:53:01,083 - INFO - ROLLBACK
2024-02-26 06:53:01,331 - INFO - BEGIN (implicit)
2024-02-26 06:53:01,335 - INFO - INSERT INTO user_company_table (user_id, company_id, role) VALUES (%(user_id)s, %(company_id)s, %(role)s) RETURNING user_company_table.id
2024-02-26 06:53:01,336 - INFO - [generated in 0.00116s] {'user_id': 5, 'company_id': 1, 'role': 'owner'}
2024-02-26 06:53:01,970 - INFO - COMMIT
2024-02-26 06:53:15,693 - INFO - BEGIN (implicit)
2024-02-26 06:53:15,694 - INFO - SELECT user_company_table.id AS user_company_table_id, user_company_table.user_id AS user_company_table_user_id, user_company_table.company_id AS user_company_table_company_id, user_company_table.role AS user_company_table_role 
FROM user_company_table 
WHERE user_company_table.user_id = %(user_id_1)s
2024-02-26 06:53:15,694 - INFO - [cached since 88.64s ago] {'user_id_1': 1}
2024-02-26 06:53:16,354 - INFO - ROLLBACK
2024-02-26 06:53:41,951 - INFO - BEGIN (implicit)
2024-02-26 06:53:41,952 - INFO - SELECT user_company_table.id AS user_company_table_id, user_company_table.user_id AS user_company_table_user_id, user_company_table.company_id AS user_company_table_company_id, user_company_table.role AS user_company_table_role 
FROM user_company_table 
WHERE user_company_table.user_id = %(user_id_1)s
2024-02-26 06:53:41,953 - INFO - [cached since 114.9s ago] {'user_id_1': 5}
2024-02-26 06:53:42,700 - INFO - ROLLBACK
2024-02-26 06:56:00,001 - INFO - select pg_catalog.version()
2024-02-26 06:56:00,004 - INFO - [raw sql] {}
2024-02-26 06:56:00,549 - INFO - select current_schema()
2024-02-26 06:56:00,550 - INFO - [raw sql] {}
2024-02-26 06:56:01,190 - INFO - show standard_conforming_strings
2024-02-26 06:56:01,191 - INFO - [raw sql] {}
2024-02-26 06:56:01,791 - INFO - BEGIN (implicit)
2024-02-26 06:56:01,797 - INFO - SELECT pg_catalog.pg_class.relname 
FROM pg_catalog.pg_class JOIN pg_catalog.pg_namespace ON pg_catalog.pg_namespace.oid = pg_catalog.pg_class.relnamespace 
WHERE pg_catalog.pg_class.relname = %(table_name)s AND pg_catalog.pg_class.relkind = ANY (ARRAY[%(param_1)s, %(param_2)s, %(param_3)s, %(param_4)s, %(param_5)s]) AND pg_catalog.pg_table_is_visible(pg_catalog.pg_class.oid) AND pg_catalog.pg_namespace.nspname != %(nspname_1)s
2024-02-26 06:56:01,798 - INFO - [generated in 0.00101s] {'table_name': 'users', 'param_1': 'r', 'param_2': 'p', 'param_3': 'f', 'param_4': 'v', 'param_5': 'm', 'nspname_1': 'pg_catalog'}
2024-02-26 06:56:02,417 - INFO - SELECT pg_catalog.pg_class.relname 
FROM pg_catalog.pg_class JOIN pg_catalog.pg_namespace ON pg_catalog.pg_namespace.oid = pg_catalog.pg_class.relnamespace 
WHERE pg_catalog.pg_class.relname = %(table_name)s AND pg_catalog.pg_class.relkind = ANY (ARRAY[%(param_1)s, %(param_2)s, %(param_3)s, %(param_4)s, %(param_5)s]) AND pg_catalog.pg_table_is_visible(pg_catalog.pg_class.oid) AND pg_catalog.pg_namespace.nspname != %(nspname_1)s
2024-02-26 06:56:02,418 - INFO - [cached since 0.6208s ago] {'table_name': 'films', 'param_1': 'r', 'param_2': 'p', 'param_3': 'f', 'param_4': 'v', 'param_5': 'm', 'nspname_1': 'pg_catalog'}
2024-02-26 06:56:02,692 - INFO - SELECT pg_catalog.pg_class.relname 
FROM pg_catalog.pg_class JOIN pg_catalog.pg_namespace ON pg_catalog.pg_namespace.oid = pg_catalog.pg_class.relnamespace 
WHERE pg_catalog.pg_class.relname = %(table_name)s AND pg_catalog.pg_class.relkind = ANY (ARRAY[%(param_1)s, %(param_2)s, %(param_3)s, %(param_4)s, %(param_5)s]) AND pg_catalog.pg_table_is_visible(pg_catalog.pg_class.oid) AND pg_catalog.pg_namespace.nspname != %(nspname_1)s
2024-02-26 06:56:02,693 - INFO - [cached since 0.8955s ago] {'table_name': 'user_film_table', 'param_1': 'r', 'param_2': 'p', 'param_3': 'f', 'param_4': 'v', 'param_5': 'm', 'nspname_1': 'pg_catalog'}
2024-02-26 06:56:02,944 - INFO - SELECT pg_catalog.pg_class.relname 
FROM pg_catalog.pg_class JOIN pg_catalog.pg_namespace ON pg_catalog.pg_namespace.oid = pg_catalog.pg_class.relnamespace 
WHERE pg_catalog.pg_class.relname = %(table_name)s AND pg_catalog.pg_class.relkind = ANY (ARRAY[%(param_1)s, %(param_2)s, %(param_3)s, %(param_4)s, %(param_5)s]) AND pg_catalog.pg_table_is_visible(pg_catalog.pg_class.oid) AND pg_catalog.pg_namespace.nspname != %(nspname_1)s
2024-02-26 06:56:02,945 - INFO - [cached since 1.148s ago] {'table_name': 'user_company_table', 'param_1': 'r', 'param_2': 'p', 'param_3': 'f', 'param_4': 'v', 'param_5': 'm', 'nspname_1': 'pg_catalog'}
2024-02-26 06:56:03,207 - INFO - SELECT pg_catalog.pg_class.relname 
FROM pg_catalog.pg_class JOIN pg_catalog.pg_namespace ON pg_catalog.pg_namespace.oid = pg_catalog.pg_class.relnamespace 
WHERE pg_catalog.pg_class.relname = %(table_name)s AND pg_catalog.pg_class.relkind = ANY (ARRAY[%(param_1)s, %(param_2)s, %(param_3)s, %(param_4)s, %(param_5)s]) AND pg_catalog.pg_table_is_visible(pg_catalog.pg_class.oid) AND pg_catalog.pg_namespace.nspname != %(nspname_1)s
2024-02-26 06:56:03,209 - INFO - [cached since 1.412s ago] {'table_name': 'companies', 'param_1': 'r', 'param_2': 'p', 'param_3': 'f', 'param_4': 'v', 'param_5': 'm', 'nspname_1': 'pg_catalog'}
2024-02-26 06:56:03,463 - INFO - COMMIT
2024-02-26 06:57:14,595 - INFO - select pg_catalog.version()
2024-02-26 06:57:14,596 - INFO - [raw sql] {}
2024-02-26 06:57:15,115 - INFO - select current_schema()
2024-02-26 06:57:15,116 - INFO - [raw sql] {}
2024-02-26 06:57:15,634 - INFO - show standard_conforming_strings
2024-02-26 06:57:15,634 - INFO - [raw sql] {}
2024-02-26 06:57:16,152 - INFO - BEGIN (implicit)
2024-02-26 06:57:16,156 - INFO - SELECT pg_catalog.pg_class.relname 
FROM pg_catalog.pg_class JOIN pg_catalog.pg_namespace ON pg_catalog.pg_namespace.oid = pg_catalog.pg_class.relnamespace 
WHERE pg_catalog.pg_class.relname = %(table_name)s AND pg_catalog.pg_class.relkind = ANY (ARRAY[%(param_1)s, %(param_2)s, %(param_3)s, %(param_4)s, %(param_5)s]) AND pg_catalog.pg_table_is_visible(pg_catalog.pg_class.oid) AND pg_catalog.pg_namespace.nspname != %(nspname_1)s
2024-02-26 06:57:16,157 - INFO - [generated in 0.00096s] {'table_name': 'users', 'param_1': 'r', 'param_2': 'p', 'param_3': 'f', 'param_4': 'v', 'param_5': 'm', 'nspname_1': 'pg_catalog'}
2024-02-26 06:57:16,702 - INFO - SELECT pg_catalog.pg_class.relname 
FROM pg_catalog.pg_class JOIN pg_catalog.pg_namespace ON pg_catalog.pg_namespace.oid = pg_catalog.pg_class.relnamespace 
WHERE pg_catalog.pg_class.relname = %(table_name)s AND pg_catalog.pg_class.relkind = ANY (ARRAY[%(param_1)s, %(param_2)s, %(param_3)s, %(param_4)s, %(param_5)s]) AND pg_catalog.pg_table_is_visible(pg_catalog.pg_class.oid) AND pg_catalog.pg_namespace.nspname != %(nspname_1)s
2024-02-26 06:57:16,705 - INFO - [cached since 0.5484s ago] {'table_name': 'films', 'param_1': 'r', 'param_2': 'p', 'param_3': 'f', 'param_4': 'v', 'param_5': 'm', 'nspname_1': 'pg_catalog'}
2024-02-26 06:57:17,113 - INFO - SELECT pg_catalog.pg_class.relname 
FROM pg_catalog.pg_class JOIN pg_catalog.pg_namespace ON pg_catalog.pg_namespace.oid = pg_catalog.pg_class.relnamespace 
WHERE pg_catalog.pg_class.relname = %(table_name)s AND pg_catalog.pg_class.relkind = ANY (ARRAY[%(param_1)s, %(param_2)s, %(param_3)s, %(param_4)s, %(param_5)s]) AND pg_catalog.pg_table_is_visible(pg_catalog.pg_class.oid) AND pg_catalog.pg_namespace.nspname != %(nspname_1)s
2024-02-26 06:57:17,114 - INFO - [cached since 0.9579s ago] {'table_name': 'user_film_table', 'param_1': 'r', 'param_2': 'p', 'param_3': 'f', 'param_4': 'v', 'param_5': 'm', 'nspname_1': 'pg_catalog'}
2024-02-26 06:57:17,377 - INFO - SELECT pg_catalog.pg_class.relname 
FROM pg_catalog.pg_class JOIN pg_catalog.pg_namespace ON pg_catalog.pg_namespace.oid = pg_catalog.pg_class.relnamespace 
WHERE pg_catalog.pg_class.relname = %(table_name)s AND pg_catalog.pg_class.relkind = ANY (ARRAY[%(param_1)s, %(param_2)s, %(param_3)s, %(param_4)s, %(param_5)s]) AND pg_catalog.pg_table_is_visible(pg_catalog.pg_class.oid) AND pg_catalog.pg_namespace.nspname != %(nspname_1)s
2024-02-26 06:57:17,378 - INFO - [cached since 1.222s ago] {'table_name': 'user_company_table', 'param_1': 'r', 'param_2': 'p', 'param_3': 'f', 'param_4': 'v', 'param_5': 'm', 'nspname_1': 'pg_catalog'}
2024-02-26 06:57:17,809 - INFO - SELECT pg_catalog.pg_class.relname 
FROM pg_catalog.pg_class JOIN pg_catalog.pg_namespace ON pg_catalog.pg_namespace.oid = pg_catalog.pg_class.relnamespace 
WHERE pg_catalog.pg_class.relname = %(table_name)s AND pg_catalog.pg_class.relkind = ANY (ARRAY[%(param_1)s, %(param_2)s, %(param_3)s, %(param_4)s, %(param_5)s]) AND pg_catalog.pg_table_is_visible(pg_catalog.pg_class.oid) AND pg_catalog.pg_namespace.nspname != %(nspname_1)s
2024-02-26 06:57:17,812 - INFO - [cached since 1.655s ago] {'table_name': 'companies', 'param_1': 'r', 'param_2': 'p', 'param_3': 'f', 'param_4': 'v', 'param_5': 'm', 'nspname_1': 'pg_catalog'}
2024-02-26 06:57:18,152 - INFO - COMMIT
2024-02-26 06:57:52,663 - INFO - select pg_catalog.version()
2024-02-26 06:57:52,666 - INFO - [raw sql] {}
2024-02-26 06:57:53,180 - INFO - select current_schema()
2024-02-26 06:57:53,181 - INFO - [raw sql] {}
2024-02-26 06:57:53,698 - INFO - show standard_conforming_strings
2024-02-26 06:57:53,700 - INFO - [raw sql] {}
2024-02-26 06:57:54,220 - INFO - BEGIN (implicit)
2024-02-26 06:57:54,226 - INFO - SELECT pg_catalog.pg_class.relname 
FROM pg_catalog.pg_class JOIN pg_catalog.pg_namespace ON pg_catalog.pg_namespace.oid = pg_catalog.pg_class.relnamespace 
WHERE pg_catalog.pg_class.relname = %(table_name)s AND pg_catalog.pg_class.relkind = ANY (ARRAY[%(param_1)s, %(param_2)s, %(param_3)s, %(param_4)s, %(param_5)s]) AND pg_catalog.pg_table_is_visible(pg_catalog.pg_class.oid) AND pg_catalog.pg_namespace.nspname != %(nspname_1)s
2024-02-26 06:57:54,227 - INFO - [generated in 0.00087s] {'table_name': 'users', 'param_1': 'r', 'param_2': 'p', 'param_3': 'f', 'param_4': 'v', 'param_5': 'm', 'nspname_1': 'pg_catalog'}
2024-02-26 06:57:54,746 - INFO - SELECT pg_catalog.pg_class.relname 
FROM pg_catalog.pg_class JOIN pg_catalog.pg_namespace ON pg_catalog.pg_namespace.oid = pg_catalog.pg_class.relnamespace 
WHERE pg_catalog.pg_class.relname = %(table_name)s AND pg_catalog.pg_class.relkind = ANY (ARRAY[%(param_1)s, %(param_2)s, %(param_3)s, %(param_4)s, %(param_5)s]) AND pg_catalog.pg_table_is_visible(pg_catalog.pg_class.oid) AND pg_catalog.pg_namespace.nspname != %(nspname_1)s
2024-02-26 06:57:54,747 - INFO - [cached since 0.5207s ago] {'table_name': 'films', 'param_1': 'r', 'param_2': 'p', 'param_3': 'f', 'param_4': 'v', 'param_5': 'm', 'nspname_1': 'pg_catalog'}
2024-02-26 06:57:55,016 - INFO - SELECT pg_catalog.pg_class.relname 
FROM pg_catalog.pg_class JOIN pg_catalog.pg_namespace ON pg_catalog.pg_namespace.oid = pg_catalog.pg_class.relnamespace 
WHERE pg_catalog.pg_class.relname = %(table_name)s AND pg_catalog.pg_class.relkind = ANY (ARRAY[%(param_1)s, %(param_2)s, %(param_3)s, %(param_4)s, %(param_5)s]) AND pg_catalog.pg_table_is_visible(pg_catalog.pg_class.oid) AND pg_catalog.pg_namespace.nspname != %(nspname_1)s
2024-02-26 06:57:55,018 - INFO - [cached since 0.7915s ago] {'table_name': 'user_film_table', 'param_1': 'r', 'param_2': 'p', 'param_3': 'f', 'param_4': 'v', 'param_5': 'm', 'nspname_1': 'pg_catalog'}
2024-02-26 06:57:55,297 - INFO - SELECT pg_catalog.pg_class.relname 
FROM pg_catalog.pg_class JOIN pg_catalog.pg_namespace ON pg_catalog.pg_namespace.oid = pg_catalog.pg_class.relnamespace 
WHERE pg_catalog.pg_class.relname = %(table_name)s AND pg_catalog.pg_class.relkind = ANY (ARRAY[%(param_1)s, %(param_2)s, %(param_3)s, %(param_4)s, %(param_5)s]) AND pg_catalog.pg_table_is_visible(pg_catalog.pg_class.oid) AND pg_catalog.pg_namespace.nspname != %(nspname_1)s
2024-02-26 06:57:55,299 - INFO - [cached since 1.072s ago] {'table_name': 'user_company_table', 'param_1': 'r', 'param_2': 'p', 'param_3': 'f', 'param_4': 'v', 'param_5': 'm', 'nspname_1': 'pg_catalog'}
2024-02-26 06:57:55,570 - INFO - SELECT pg_catalog.pg_class.relname 
FROM pg_catalog.pg_class JOIN pg_catalog.pg_namespace ON pg_catalog.pg_namespace.oid = pg_catalog.pg_class.relnamespace 
WHERE pg_catalog.pg_class.relname = %(table_name)s AND pg_catalog.pg_class.relkind = ANY (ARRAY[%(param_1)s, %(param_2)s, %(param_3)s, %(param_4)s, %(param_5)s]) AND pg_catalog.pg_table_is_visible(pg_catalog.pg_class.oid) AND pg_catalog.pg_namespace.nspname != %(nspname_1)s
2024-02-26 06:57:55,573 - INFO - [cached since 1.347s ago] {'table_name': 'companies', 'param_1': 'r', 'param_2': 'p', 'param_3': 'f', 'param_4': 'v', 'param_5': 'm', 'nspname_1': 'pg_catalog'}
2024-02-26 06:57:55,869 - INFO - COMMIT
